追加行情数据 - 2026-04-15 15:35:02.366122
2026-04-15 15:35:02.366473: ============================================================
2026-04-15 15:35:02.366592: 追加最新行情数据
2026-04-15 15:35:02.366650: ============================================================
2026-04-15 15:35:02.369770: 现有最新日期: 20221219
2026-04-15 15:35:02.369993: 尝试日期: ['20260414', '20260413', '20260410', '20260409', '20260408']
2026-04-15 15:35:02.370024: 
获取 20260414...
2026-04-15 15:35:02.488240: 20260414: 获取 5496 条
2026-04-15 15:35:47.185141: 20260414: 成功追加 5495
2026-04-15 15:35:47.185253: 
获取 20260413...
2026-04-15 15:35:47.307088: 20260413: 获取 5494 条
2026-04-15 15:36:09.746732: 20260413: 成功追加 5493
2026-04-15 15:36:09.746908: 
获取 20260410...
2026-04-15 15:36:09.862375: 20260410: 获取 5495 条
2026-04-15 15:36:50.637327: 20260410: 成功追加 5495
2026-04-15 15:36:50.637453: 
获取 20260409...
2026-04-15 15:36:50.733512: 20260409: 获取 5491 条
2026-04-15 15:37:31.918391: 20260409: 成功追加 5491
2026-04-15 15:37:31.918498: 
获取 20260408...
2026-04-15 15:37:32.025209: 20260408: 获取 5490 条
2026-04-15 15:38:13.021938: 20260408: 成功追加 5490
2026-04-15 15:38:13.022054: ============================================================
2026-04-15 15:38:13.022098: 总计追加: 27464
2026-04-15 15:38:13.022123: 完成时间: 2026-04-15 15:38:13.022109
2026-04-15 15:38:13.022144: ============================================================
