
============================================================
缠论 + 蜡烛图选股策略
============================================================

策略说明:
  买入：底分型 + 看涨蜡烛图形态
  信号强度阈值：≥0.6
  回测表现：年化 22.97%, 胜率 71.58%

开始扫描全市场股票...
扫描股票数量：5503
已扫描 500/5503 只股票...
已扫描 1000/5503 只股票...
已扫描 1500/5503 只股票...
已扫描 2000/5503 只股票...
已扫描 2500/5503 只股票...
已扫描 3000/5503 只股票...
已扫描 3500/5503 只股票...
已扫描 4000/5503 只股票...
已扫描 4500/5503 只股票...
已扫描 5000/5503 只股票...
已扫描 5500/5503 只股票...

============================================================
缠论 + 蜡烛图选股结果 (TOP 0)
============================================================

⚠️  未找到符合条件的股票

💡 说明:
  当前市场可能没有明显的底分型 + 看涨形态组合
  建议等待更好的技术信号，或降低信号强度阈值
