[2026-04-08 06:51:17] ================================================================================
[2026-04-08 06:51:17] 📊 继续获取 A 股历史数据
[2026-04-08 06:51:17] ================================================================================
[2026-04-08 06:51:17] 日期范围：20230101 ~ 20241231
[2026-04-08 06:51:17] 数据目录：/home/admin/.openclaw/workspace/stocks/data_tushare
[2026-04-08 06:51:17] 
[1/3] 加载股票列表...
DEBUG: 列名=['ts_code', 'symbol', 'name', 'area', 'industry', 'market', 'list_date']
[2026-04-08 06:51:17] 总股票数：5497
[2026-04-08 06:51:17] 
[2/3] 检查已获取的股票...
[2026-04-08 06:51:17] 已获取：1134
[2026-04-08 06:51:17] 剩余：4363
[2026-04-08 06:51:17] 
[3/3] 开始获取剩余股票...
[2026-04-08 06:51:17] 进度：0/4363 (0.0%) - 成功:0 失败:0
[2026-04-08 06:51:17] ✓ 000422.SZ (484行)
[2026-04-08 06:51:18] ✓ 000423.SZ (484行)
[2026-04-08 06:51:18] ✓ 000425.SZ (484行)
[2026-04-08 06:51:18] ✓ 000426.SZ (484行)
[2026-04-08 06:51:18] ✓ 000429.SZ (484行)
[2026-04-08 06:51:18] ✓ 000430.SZ (484行)
[2026-04-08 06:51:19] ✓ 000498.SZ (484行)
[2026-04-08 06:51:19] ✓ 000501.SZ (484行)
[2026-04-08 06:51:19] ✓ 000505.SZ (484行)
[2026-04-08 06:51:19] ✓ 000507.SZ (484行)
[2026-04-08 06:51:19] 进度：10/4363 (0.2%) - 成功:10 失败:0
[2026-04-08 06:51:19] ✓ 000513.SZ (484行)
[2026-04-08 06:51:20] ✓ 000514.SZ (484行)
[2026-04-08 06:51:20] ✓ 000517.SZ (484行)
[2026-04-08 06:51:20] ✓ 000519.SZ (484行)
[2026-04-08 06:51:20] ✓ 000521.SZ (484行)
[2026-04-08 06:51:20] ✓ 000524.SZ (484行)
[2026-04-08 06:51:21] ✓ 000528.SZ (484行)
[2026-04-08 06:51:21] ✓ 000529.SZ (484行)
[2026-04-08 06:51:21] ✓ 000530.SZ (484行)
[2026-04-08 06:51:21] ✓ 000531.SZ (484行)
[2026-04-08 06:51:21] 进度：20/4363 (0.5%) - 成功:20 失败:0
[2026-04-08 06:51:21] ✓ 000532.SZ (484行)
[2026-04-08 06:51:22] ✓ 000534.SZ (484行)
[2026-04-08 06:51:22] ✓ 000537.SZ (484行)
[2026-04-08 06:51:22] ✓ 000538.SZ (484行)
[2026-04-08 06:51:22] ✓ 000539.SZ (484行)
[2026-04-08 06:51:22] ✓ 000541.SZ (484行)
[2026-04-08 06:51:23] ✓ 000543.SZ (484行)
[2026-04-08 06:51:23] ✓ 000544.SZ (484行)
[2026-04-08 06:51:23] ✓ 000548.SZ (484行)
[2026-04-08 06:51:23] ✓ 000550.SZ (484行)
[2026-04-08 06:51:23] 进度：30/4363 (0.7%) - 成功:30 失败:0
[2026-04-08 06:51:23] ✓ 000551.SZ (484行)
[2026-04-08 06:51:24] ✓ 000552.SZ (484行)
[2026-04-08 06:51:24] ✓ 000554.SZ (484行)
[2026-04-08 06:51:24] ✓ 000555.SZ (484行)
[2026-04-08 06:51:24] ✓ 000557.SZ (484行)
[2026-04-08 06:51:24] ✓ 000559.SZ (474行)
[2026-04-08 06:51:25] ✓ 000560.SZ (484行)
[2026-04-08 06:51:25] ✓ 000561.SZ (474行)
[2026-04-08 06:51:25] ✓ 000563.SZ (484行)
[2026-04-08 06:51:25] ✓ 000565.SZ (484行)
[2026-04-08 06:51:25] 进度：40/4363 (0.9%) - 成功:40 失败:0
[2026-04-08 06:51:25] ✓ 000567.SZ (484行)
[2026-04-08 06:51:26] ✓ 000568.SZ (484行)
[2026-04-08 06:51:26] ✓ 000570.SZ (484行)
[2026-04-08 06:51:26] ✓ 000573.SZ (484行)
[2026-04-08 06:51:26] ✓ 000581.SZ (484行)
[2026-04-08 06:51:26] ✓ 000582.SZ (484行)
[2026-04-08 06:51:27] ✓ 000589.SZ (484行)
[2026-04-08 06:51:27] ✓ 000591.SZ (484行)
[2026-04-08 06:51:27] ✓ 000596.SZ (484行)
[2026-04-08 06:51:27] ✓ 000597.SZ (484行)
[2026-04-08 06:51:27] 进度：50/4363 (1.1%) - 成功:50 失败:0
[2026-04-08 06:51:27] ⚠ 000598.SZ 限流，等待 65 秒...
[2026-04-08 06:52:32] ✓ 000598.SZ 重试成功 (484行)
[2026-04-08 06:52:33] ✓ 000600.SZ (484行)
[2026-04-08 06:52:33] ✓ 000601.SZ (484行)
[2026-04-08 06:52:33] ✓ 000603.SZ (476行)
[2026-04-08 06:52:33] ✓ 000605.SZ (484行)
[2026-04-08 06:52:33] ✓ 000607.SZ (484行)
[2026-04-08 06:52:34] ✓ 000612.SZ (484行)
[2026-04-08 06:52:34] ✓ 000615.SZ (482行)
[2026-04-08 06:52:34] ✓ 000617.SZ (484行)
[2026-04-08 06:52:34] ✓ 000620.SZ (481行)
[2026-04-08 06:52:34] 进度：60/4363 (1.4%) - 成功:60 失败:0
[2026-04-08 06:52:34] ✓ 000623.SZ (484行)
[2026-04-08 06:52:35] ✓ 000625.SZ (484行)
[2026-04-08 06:52:35] ✓ 000628.SZ (474行)
[2026-04-08 06:52:35] ✓ 000630.SZ (484行)
[2026-04-08 06:52:35] ✓ 000631.SZ (484行)
[2026-04-08 06:52:35] ✓ 000636.SZ (484行)
[2026-04-08 06:52:36] ✓ 000650.SZ (484行)
[2026-04-08 06:52:36] ✓ 000651.SZ (484行)
[2026-04-08 06:52:36] ✓ 000652.SZ (484行)
[2026-04-08 06:52:36] ✓ 000655.SZ (484行)
[2026-04-08 06:52:36] 进度：70/4363 (1.6%) - 成功:70 失败:0
[2026-04-08 06:52:36] ✓ 000657.SZ (474行)
[2026-04-08 06:52:37] ✓ 000661.SZ (484行)
[2026-04-08 06:52:37] ✓ 000672.SZ (484行)
[2026-04-08 06:52:37] ✓ 000680.SZ (484行)
[2026-04-08 06:52:37] ✓ 000681.SZ (484行)
[2026-04-08 06:52:37] ✓ 000682.SZ (484行)
[2026-04-08 06:52:38] ✓ 000683.SZ (484行)
[2026-04-08 06:52:38] ✓ 000685.SZ (484行)
[2026-04-08 06:52:38] ✓ 000686.SZ (484行)
[2026-04-08 06:52:38] ✓ 000688.SZ (484行)
[2026-04-08 06:52:38] 进度：80/4363 (1.8%) - 成功:80 失败:0
[2026-04-08 06:52:38] ✓ 000690.SZ (484行)
[2026-04-08 06:52:39] ✓ 000691.SZ (479行)
[2026-04-08 06:52:39] ✓ 001696.SZ (484行)
[2026-04-08 06:52:39] ✓ 000697.SZ (480行)
[2026-04-08 06:52:39] ✓ 000700.SZ (484行)
[2026-04-08 06:52:39] ✓ 000703.SZ (484行)
[2026-04-08 06:52:40] ✓ 000705.SZ (484行)
[2026-04-08 06:52:40] ✓ 000707.SZ (484行)
[2026-04-08 06:52:40] ✓ 000708.SZ (484行)
[2026-04-08 06:52:40] ✓ 000709.SZ (484行)
[2026-04-08 06:52:40] 进度：90/4363 (2.1%) - 成功:90 失败:0
[2026-04-08 06:52:40] ✓ 000713.SZ (479行)
[2026-04-08 06:52:41] ✓ 000715.SZ (484行)
[2026-04-08 06:52:41] ✓ 000716.SZ (484行)
[2026-04-08 06:52:41] ✓ 000718.SZ (484行)
[2026-04-08 06:52:41] ✓ 000719.SZ (484行)
[2026-04-08 06:52:41] ✓ 000722.SZ (484行)
[2026-04-08 06:52:42] ✓ 000725.SZ (484行)
[2026-04-08 06:52:42] ✓ 000726.SZ (484行)
[2026-04-08 06:52:42] ✓ 000728.SZ (484行)
[2026-04-08 06:52:42] ✓ 000729.SZ (484行)
[2026-04-08 06:52:42] 进度：100/4363 (2.3%) - 成功:100 失败:0
[2026-04-08 06:52:42] ⚠ 000731.SZ 限流，等待 65 秒...
[2026-04-08 06:53:47] ✓ 000731.SZ 重试成功 (484行)
[2026-04-08 06:53:48] ✓ 000733.SZ (484行)
[2026-04-08 06:53:48] ✓ 000735.SZ (484行)
[2026-04-08 06:53:48] ✓ 000737.SZ (484行)
[2026-04-08 06:53:48] ✓ 000738.SZ (484行)
[2026-04-08 06:53:48] ✓ 000739.SZ (484行)
[2026-04-08 06:53:49] ✓ 000750.SZ (484行)
[2026-04-08 06:53:49] ✓ 000751.SZ (484行)
[2026-04-08 06:53:49] ✓ 000753.SZ (484行)
[2026-04-08 06:53:49] ✓ 000755.SZ (484行)
[2026-04-08 06:53:49] 进度：110/4363 (2.5%) - 成功:110 失败:0
[2026-04-08 06:53:49] ✓ 000756.SZ (484行)
[2026-04-08 06:53:50] ✓ 000758.SZ (484行)
[2026-04-08 06:53:50] ✓ 000762.SZ (484行)
[2026-04-08 06:53:50] ✓ 000768.SZ (484行)
[2026-04-08 06:53:50] ✓ 000776.SZ (484行)
[2026-04-08 06:53:50] ✓ 000777.SZ (482行)
[2026-04-08 06:53:51] ✓ 000778.SZ (484行)
[2026-04-08 06:53:51] ✓ 000779.SZ (484行)
[2026-04-08 06:53:51] ✓ 000783.SZ (484行)
[2026-04-08 06:53:51] ✓ 000785.SZ (484行)
[2026-04-08 06:53:51] 进度：120/4363 (2.8%) - 成功:120 失败:0
[2026-04-08 06:53:51] ✓ 000786.SZ (484行)
[2026-04-08 06:53:52] ✓ 000788.SZ (484行)
[2026-04-08 06:53:52] ✓ 000789.SZ (484行)
[2026-04-08 06:53:52] ✓ 000790.SZ (475行)
[2026-04-08 06:53:52] ✓ 000791.SZ (475行)
[2026-04-08 06:53:52] ✓ 000795.SZ (484行)
[2026-04-08 06:53:53] ✓ 000796.SZ (480行)
[2026-04-08 06:53:53] ✓ 000797.SZ (484行)
[2026-04-08 06:53:53] ✓ 000799.SZ (484行)
[2026-04-08 06:53:53] ✓ 000800.SZ (484行)
[2026-04-08 06:53:53] 进度：130/4363 (3.0%) - 成功:130 失败:0
[2026-04-08 06:53:53] ✓ 000801.SZ (474行)
[2026-04-08 06:53:54] ✓ 000807.SZ (484行)
[2026-04-08 06:53:54] ✓ 000810.SZ (481行)
[2026-04-08 06:53:54] ✓ 000811.SZ (484行)
[2026-04-08 06:53:54] ✓ 000812.SZ (484行)
[2026-04-08 06:53:54] ✓ 000818.SZ (484行)
[2026-04-08 06:53:55] ✓ 000819.SZ (484行)
[2026-04-08 06:53:55] ✓ 000821.SZ (484行)
[2026-04-08 06:53:55] ✓ 000822.SZ (484行)
[2026-04-08 06:53:55] ✓ 000823.SZ (484行)
[2026-04-08 06:53:55] 进度：140/4363 (3.2%) - 成功:140 失败:0
[2026-04-08 06:53:55] ✓ 000828.SZ (484行)
[2026-04-08 06:53:56] ✓ 000829.SZ (484行)
[2026-04-08 06:53:56] ✓ 000830.SZ (484行)
[2026-04-08 06:53:56] ✓ 000831.SZ (484行)
[2026-04-08 06:53:56] ✓ 000833.SZ (484行)
[2026-04-08 06:53:56] ✓ 000837.SZ (484行)
[2026-04-08 06:53:57] ✓ 000848.SZ (484行)
[2026-04-08 06:53:57] ✓ 000850.SZ (484行)
[2026-04-08 06:53:57] ✓ 000858.SZ (484行)
[2026-04-08 06:53:57] ✓ 000860.SZ (484行)
[2026-04-08 06:53:57] 进度：150/4363 (3.4%) - 成功:150 失败:0
[2026-04-08 06:53:57] ⚠ 000869.SZ 限流，等待 65 秒...
[2026-04-08 06:55:02] ✓ 000869.SZ 重试成功 (484行)
[2026-04-08 06:55:03] ✓ 000875.SZ (484行)
[2026-04-08 06:55:03] ✓ 000876.SZ (484行)
[2026-04-08 06:55:03] ✓ 000877.SZ (484行)
[2026-04-08 06:55:03] ✓ 000878.SZ (484行)
[2026-04-08 06:55:03] ✓ 000880.SZ (484行)
[2026-04-08 06:55:04] ✓ 000883.SZ (484行)
[2026-04-08 06:55:04] ✓ 000885.SZ (484行)
[2026-04-08 06:55:04] ✓ 000886.SZ (484行)
[2026-04-08 06:55:04] ✓ 000887.SZ (484行)
[2026-04-08 06:55:04] 进度：160/4363 (3.7%) - 成功:160 失败:0
[2026-04-08 06:55:04] ✓ 000888.SZ (484行)
[2026-04-08 06:55:05] ✓ 000895.SZ (484行)
[2026-04-08 06:55:05] ✓ 000897.SZ (484行)
[2026-04-08 06:55:05] ✓ 000899.SZ (484行)
[2026-04-08 06:55:05] ✓ 000900.SZ (484行)
[2026-04-08 06:55:05] ✓ 000902.SZ (484行)
[2026-04-08 06:55:06] ✓ 000905.SZ (484行)
[2026-04-08 06:55:06] ✓ 000906.SZ (484行)
[2026-04-08 06:55:06] ✓ 000908.SZ (480行)
[2026-04-08 06:55:06] ✓ 000910.SZ (484行)
[2026-04-08 06:55:06] 进度：170/4363 (3.9%) - 成功:170 失败:0
[2026-04-08 06:55:06] ✓ 000913.SZ (484行)
[2026-04-08 06:55:07] ✓ 000915.SZ (484行)
[2026-04-08 06:55:07] ✓ 000917.SZ (484行)
[2026-04-08 06:55:07] ✓ 000919.SZ (484行)
[2026-04-08 06:55:07] ✓ 000920.SZ (484行)
[2026-04-08 06:55:07] ✓ 000921.SZ (484行)
[2026-04-08 06:55:08] ✓ 000922.SZ (484行)
[2026-04-08 06:55:08] ✓ 000923.SZ (484行)
[2026-04-08 06:55:08] ✓ 000925.SZ (484行)
[2026-04-08 06:55:08] ✓ 000926.SZ (484行)
[2026-04-08 06:55:08] 进度：180/4363 (4.1%) - 成功:180 失败:0
[2026-04-08 06:55:08] ✓ 000927.SZ (484行)
[2026-04-08 06:55:09] ✓ 000928.SZ (484行)
[2026-04-08 06:55:09] ✓ 000932.SZ (484行)
[2026-04-08 06:55:09] ✓ 000933.SZ (484行)
[2026-04-08 06:55:09] ✓ 000935.SZ (484行)
[2026-04-08 06:55:09] ✓ 000936.SZ (484行)
[2026-04-08 06:55:10] ✓ 000937.SZ (484行)
[2026-04-08 06:55:10] ✓ 000938.SZ (484行)
[2026-04-08 06:55:10] ✓ 000948.SZ (484行)
[2026-04-08 06:55:10] ✓ 000949.SZ (484行)
[2026-04-08 06:55:10] 进度：190/4363 (4.4%) - 成功:190 失败:0
[2026-04-08 06:55:10] ✓ 000950.SZ (484行)
[2026-04-08 06:55:11] ✓ 000951.SZ (484行)
[2026-04-08 06:55:11] ✓ 000957.SZ (484行)
[2026-04-08 06:55:11] ✓ 000958.SZ (474行)
[2026-04-08 06:55:11] ✓ 000959.SZ (484行)
[2026-04-08 06:55:11] ✓ 000960.SZ (484行)
[2026-04-08 06:55:12] ✓ 000962.SZ (484行)
[2026-04-08 06:55:12] ✓ 000963.SZ (484行)
[2026-04-08 06:55:12] ✓ 000965.SZ (484行)
[2026-04-08 06:55:12] ✓ 000966.SZ (484行)
[2026-04-08 06:55:12] 进度：200/4363 (4.6%) - 成功:200 失败:0
[2026-04-08 06:55:12] ⚠ 000967.SZ 限流，等待 65 秒...
[2026-04-08 06:56:17] ✓ 000967.SZ 重试成功 (484行)
[2026-04-08 06:56:18] ✓ 000968.SZ (484行)
[2026-04-08 06:56:18] ✓ 000969.SZ (484行)
[2026-04-08 06:56:18] ✓ 000970.SZ (484行)
[2026-04-08 06:56:18] ✓ 000973.SZ (474行)
[2026-04-08 06:56:18] ✓ 000975.SZ (484行)
[2026-04-08 06:56:19] ✓ 000977.SZ (484行)
[2026-04-08 06:56:19] ✓ 000983.SZ (484行)
[2026-04-08 06:56:19] ✓ 000985.SZ (484行)
[2026-04-08 06:56:19] ✓ 000987.SZ (484行)
[2026-04-08 06:56:19] 进度：210/4363 (4.8%) - 成功:210 失败:0
[2026-04-08 06:56:19] ✓ 000988.SZ (484行)
[2026-04-08 06:56:20] ✓ 000989.SZ (483行)
[2026-04-08 06:56:20] ✓ 000990.SZ (484行)
[2026-04-08 06:56:20] ✓ 000993.SZ (484行)
[2026-04-08 06:56:20] ✓ 000997.SZ (484行)
[2026-04-08 06:56:20] ✓ 000998.SZ (484行)
[2026-04-08 06:56:21] ✓ 000999.SZ (484行)
[2026-04-08 06:56:21] ✓ 002001.SZ (484行)
[2026-04-08 06:56:21] ✓ 002181.SZ (484行)
[2026-04-08 06:56:21] ✓ 600000.SH (484行)
[2026-04-08 06:56:21] 进度：220/4363 (5.0%) - 成功:220 失败:0
[2026-04-08 06:56:21] ✓ 600004.SH (484行)
[2026-04-08 06:56:22] ✓ 600006.SH (484行)
[2026-04-08 06:56:22] ✓ 600007.SH (484行)
[2026-04-08 06:56:22] ✓ 600008.SH (484行)
[2026-04-08 06:56:22] ✓ 600009.SH (484行)
[2026-04-08 06:56:22] ✓ 600010.SH (484行)
[2026-04-08 06:56:23] ✓ 600011.SH (484行)
[2026-04-08 06:56:23] ✓ 600012.SH (474行)
[2026-04-08 06:56:23] ✓ 600015.SH (484行)
[2026-04-08 06:56:23] ✓ 600016.SH (484行)
[2026-04-08 06:56:23] 进度：230/4363 (5.3%) - 成功:230 失败:0
[2026-04-08 06:56:23] ✓ 600020.SH (484行)
[2026-04-08 06:56:24] ✓ 600021.SH (484行)
[2026-04-08 06:56:24] ✓ 600026.SH (484行)
[2026-04-08 06:56:24] ✓ 600028.SH (484行)
[2026-04-08 06:56:24] ✓ 600030.SH (484行)
[2026-04-08 06:56:25] ✓ 600031.SH (484行)
[2026-04-08 06:56:25] ✓ 600033.SH (484行)
[2026-04-08 06:56:25] ✓ 600035.SH (484行)
[2026-04-08 06:56:25] ✓ 600036.SH (484行)
[2026-04-08 06:56:26] ✓ 600037.SH (484行)
[2026-04-08 06:56:26] 进度：240/4363 (5.5%) - 成功:240 失败:0
[2026-04-08 06:56:26] ✓ 600038.SH (479行)
[2026-04-08 06:56:26] ✓ 600039.SH (484行)
[2026-04-08 06:56:26] ✓ 600050.SH (484行)
[2026-04-08 06:56:26] ✓ 600051.SH (484行)
[2026-04-08 06:56:27] ✓ 600052.SH (484行)
[2026-04-08 06:56:27] ✓ 600054.SH (484行)
[2026-04-08 06:56:27] ✓ 600055.SH (484行)
[2026-04-08 06:56:27] ✓ 600056.SH (484行)
[2026-04-08 06:56:28] ✓ 600057.SH (484行)
[2026-04-08 06:56:28] ✓ 600059.SH (484行)
[2026-04-08 06:56:28] 进度：250/4363 (5.7%) - 成功:250 失败:0
[2026-04-08 06:56:28] ⚠ 600060.SH 限流，等待 65 秒...
[2026-04-08 06:57:33] ✓ 600060.SH 重试成功 (484行)
[2026-04-08 06:57:33] ✓ 600061.SH (484行)
[2026-04-08 06:57:34] ✓ 600062.SH (484行)
[2026-04-08 06:57:34] ✓ 600063.SH (484行)
[2026-04-08 06:57:34] ✓ 600064.SH (484行)
[2026-04-08 06:57:34] ✓ 600066.SH (483行)
[2026-04-08 06:57:34] ✓ 600067.SH (484行)
[2026-04-08 06:57:35] ✓ 600072.SH (484行)
[2026-04-08 06:57:35] ✓ 600073.SH (484行)
[2026-04-08 06:57:35] ✓ 600075.SH (484行)
[2026-04-08 06:57:35] 进度：260/4363 (6.0%) - 成功:260 失败:0
[2026-04-08 06:57:35] ✓ 600078.SH (483行)
[2026-04-08 06:57:35] ✓ 600079.SH (484行)
[2026-04-08 06:57:36] ✓ 600080.SH (484行)
[2026-04-08 06:57:36] ✓ 600081.SH (478行)
[2026-04-08 06:57:36] ✓ 600082.SH (484行)
[2026-04-08 06:57:36] ✓ 600085.SH (484行)
[2026-04-08 06:57:36] ✓ 600088.SH (484行)
[2026-04-08 06:57:37] ✓ 600089.SH (484行)
[2026-04-08 06:57:37] ✓ 600094.SH (484行)
[2026-04-08 06:57:37] ✓ 600095.SH (484行)
[2026-04-08 06:57:37] 进度：270/4363 (6.2%) - 成功:270 失败:0
[2026-04-08 06:57:37] ✓ 600096.SH (484行)
[2026-04-08 06:57:37] ✓ 600097.SH (484行)
[2026-04-08 06:57:38] ✓ 600098.SH (484行)
[2026-04-08 06:57:38] ✓ 600099.SH (484行)
[2026-04-08 06:57:38] ✓ 600101.SH (484行)
[2026-04-08 06:57:38] ✓ 600103.SH (484行)
[2026-04-08 06:57:38] ✓ 600104.SH (484行)
[2026-04-08 06:57:39] ✓ 600105.SH (484行)
[2026-04-08 06:57:39] ✓ 600106.SH (484行)
[2026-04-08 06:57:39] ✓ 600108.SH (484行)
[2026-04-08 06:57:39] 进度：280/4363 (6.4%) - 成功:280 失败:0
[2026-04-08 06:57:39] ✓ 600109.SH (484行)
[2026-04-08 06:57:39] ✓ 600111.SH (484行)
[2026-04-08 06:57:40] ✓ 600113.SH (484行)
[2026-04-08 06:57:40] ✓ 600114.SH (484行)
[2026-04-08 06:57:40] ✓ 600116.SH (484行)
[2026-04-08 06:57:40] ✓ 600117.SH (481行)
[2026-04-08 06:57:41] ✓ 600118.SH (484行)
[2026-04-08 06:57:41] ✓ 600120.SH (484行)
[2026-04-08 06:57:41] ✓ 600123.SH (484行)
[2026-04-08 06:57:41] ✓ 600125.SH (484行)
[2026-04-08 06:57:41] 进度：290/4363 (6.6%) - 成功:290 失败:0
[2026-04-08 06:57:42] ✓ 600126.SH (484行)
[2026-04-08 06:57:42] ✓ 600128.SH (484行)
[2026-04-08 06:57:42] ✓ 600129.SH (484行)
[2026-04-08 06:57:42] ✓ 600131.SH (484行)
[2026-04-08 06:57:42] ✓ 600132.SH (484行)
[2026-04-08 06:57:43] ✓ 600133.SH (484行)
[2026-04-08 06:57:43] ✓ 600136.SH (482行)
[2026-04-08 06:57:43] ✓ 600137.SH (484行)
[2026-04-08 06:57:43] ✓ 600138.SH (484行)
[2026-04-08 06:57:44] ✓ 600141.SH (484行)
[2026-04-08 06:57:44] 进度：300/4363 (6.9%) - 成功:300 失败:0
[2026-04-08 06:57:44] ⚠ 600148.SH 限流，等待 65 秒...
[2026-04-08 06:58:49] ✓ 600148.SH 重试成功 (484行)
[2026-04-08 06:58:49] ✓ 600150.SH (474行)
[2026-04-08 06:58:49] ✓ 600153.SH (484行)
[2026-04-08 06:58:49] ✓ 600156.SH (484行)
[2026-04-08 06:58:50] ✓ 600157.SH (474行)
[2026-04-08 06:58:50] ✓ 600158.SH (484行)
[2026-04-08 06:58:50] ✓ 600160.SH (484行)
[2026-04-08 06:58:50] ✓ 600161.SH (484行)
[2026-04-08 06:58:50] ✓ 600162.SH (484行)
[2026-04-08 06:58:51] ✓ 600163.SH (484行)
[2026-04-08 06:58:51] 进度：310/4363 (7.1%) - 成功:310 失败:0
[2026-04-08 06:58:51] ✓ 600165.SH (482行)
[2026-04-08 06:58:51] ✓ 600167.SH (484行)
[2026-04-08 06:58:51] ✓ 600168.SH (484行)
[2026-04-08 06:58:51] ✓ 600170.SH (484行)
[2026-04-08 06:58:52] ✓ 600171.SH (484行)
[2026-04-08 06:58:52] ✓ 600173.SH (484行)
[2026-04-08 06:58:52] ✓ 600176.SH (484行)
[2026-04-08 06:58:52] ✓ 600177.SH (484行)
[2026-04-08 06:58:52] ✓ 600178.SH (484行)
[2026-04-08 06:58:53] ✓ 600180.SH (484行)
[2026-04-08 06:58:53] 进度：320/4363 (7.3%) - 成功:320 失败:0
[2026-04-08 06:58:53] ✓ 600182.SH (483行)
[2026-04-08 06:58:53] ✓ 600183.SH (484行)
[2026-04-08 06:58:53] ✓ 600184.SH (484行)
[2026-04-08 06:58:53] ✓ 600188.SH (484行)
[2026-04-08 06:58:54] ✓ 600195.SH (484行)
[2026-04-08 06:58:54] ✓ 600196.SH (484行)
[2026-04-08 06:58:54] ✓ 600197.SH (484行)
[2026-04-08 06:58:54] ✓ 600201.SH (484行)
[2026-04-08 06:58:54] ✓ 600202.SH (484行)
[2026-04-08 06:58:55] ✓ 600203.SH (484行)
[2026-04-08 06:58:55] 进度：330/4363 (7.6%) - 成功:330 失败:0
[2026-04-08 06:58:55] ✓ 600206.SH (484行)
[2026-04-08 06:58:55] ✓ 600210.SH (484行)
[2026-04-08 06:58:55] ✓ 600211.SH (484行)
[2026-04-08 06:58:55] ✓ 600215.SH (484行)
[2026-04-08 06:58:56] ✓ 600216.SH (484行)
[2026-04-08 06:58:56] ✓ 600217.SH (484行)
[2026-04-08 06:58:56] ✓ 600218.SH (484行)
[2026-04-08 06:58:56] ✓ 600219.SH (484行)
[2026-04-08 06:58:56] ✓ 600222.SH (484行)
[2026-04-08 06:58:57] ✓ 600223.SH (484行)
[2026-04-08 06:58:57] 进度：340/4363 (7.8%) - 成功:340 失败:0
[2026-04-08 06:58:57] ✓ 600229.SH (484行)
[2026-04-08 06:58:57] ✓ 600230.SH (484行)
[2026-04-08 06:58:57] ✓ 600232.SH (484行)
[2026-04-08 06:58:57] ✓ 600233.SH (484行)
[2026-04-08 06:58:58] ✓ 600235.SH (484行)
[2026-04-08 06:58:58] ✓ 600236.SH (484行)
[2026-04-08 06:58:58] ✓ 600248.SH (484行)
[2026-04-08 06:58:58] ✓ 600249.SH (484行)
[2026-04-08 06:58:58] ✓ 600251.SH (484行)
[2026-04-08 06:58:59] ✓ 600252.SH (484行)
[2026-04-08 06:58:59] 进度：350/4363 (8.0%) - 成功:350 失败:0
[2026-04-08 06:58:59] ⚠ 600256.SH 限流，等待 65 秒...
[2026-04-08 07:00:04] ✓ 600256.SH 重试成功 (484行)
[2026-04-08 07:00:04] ✓ 600258.SH (484行)
[2026-04-08 07:00:04] ✓ 600261.SH (484行)
[2026-04-08 07:00:04] ✓ 600262.SH (484行)
[2026-04-08 07:00:05] ✓ 600266.SH (484行)
[2026-04-08 07:00:05] ✓ 600267.SH (484行)
[2026-04-08 07:00:05] ✓ 600268.SH (484行)
[2026-04-08 07:00:05] ✓ 600269.SH (484行)
[2026-04-08 07:00:05] ✓ 600271.SH (484行)
[2026-04-08 07:00:06] ✓ 600272.SH (484行)
[2026-04-08 07:00:06] 进度：360/4363 (8.3%) - 成功:360 失败:0
[2026-04-08 07:00:06] ✓ 600273.SH (484行)
[2026-04-08 07:00:06] ✓ 600276.SH (484行)
[2026-04-08 07:00:06] ✓ 600278.SH (484行)
[2026-04-08 07:00:06] ✓ 600279.SH (484行)
[2026-04-08 07:00:07] ✓ 600282.SH (483行)
[2026-04-08 07:00:07] ✓ 600283.SH (484行)
[2026-04-08 07:00:07] ✓ 600284.SH (484行)
[2026-04-08 07:00:07] ✓ 600285.SH (484行)
[2026-04-08 07:00:07] ✓ 600288.SH (484行)
[2026-04-08 07:00:08] ✓ 600292.SH (474行)
[2026-04-08 07:00:08] 进度：370/4363 (8.5%) - 成功:370 失败:0
[2026-04-08 07:00:08] ✓ 600295.SH (484行)
[2026-04-08 07:00:08] ✓ 600298.SH (484行)
[2026-04-08 07:00:08] ✓ 600299.SH (484行)
[2026-04-08 07:00:08] ✓ 600300.SH (484行)
[2026-04-08 07:00:09] ✓ 600305.SH (484行)
[2026-04-08 07:00:09] ✓ 600308.SH (484行)
[2026-04-08 07:00:09] ✓ 600309.SH (484行)
[2026-04-08 07:00:09] ✓ 600310.SH (484行)
[2026-04-08 07:00:09] ✓ 600312.SH (484行)
[2026-04-08 07:00:10] ✓ 600315.SH (484行)
[2026-04-08 07:00:10] 进度：380/4363 (8.7%) - 成功:380 失败:0
[2026-04-08 07:00:10] ✓ 600316.SH (484行)
[2026-04-08 07:00:10] ✓ 600318.SH (484行)
[2026-04-08 07:00:10] ✓ 600320.SH (484行)
[2026-04-08 07:00:10] ✓ 600323.SH (484行)
[2026-04-08 07:00:11] ✓ 600325.SH (484行)
[2026-04-08 07:00:11] ✓ 600327.SH (484行)
[2026-04-08 07:00:11] ✓ 600328.SH (484行)
[2026-04-08 07:00:11] ✓ 600329.SH (484行)
[2026-04-08 07:00:11] ✓ 600330.SH (484行)
[2026-04-08 07:00:12] ✓ 600332.SH (484行)
[2026-04-08 07:00:12] 进度：390/4363 (8.9%) - 成功:390 失败:0
[2026-04-08 07:00:12] ✓ 600335.SH (484行)
[2026-04-08 07:00:12] ✓ 600336.SH (484行)
[2026-04-08 07:00:12] ✓ 600337.SH (484行)
[2026-04-08 07:00:12] ✓ 600338.SH (484行)
[2026-04-08 07:00:13] ✓ 600339.SH (484行)
[2026-04-08 07:00:13] ✓ 600345.SH (484行)
[2026-04-08 07:00:13] ✓ 600346.SH (484行)
[2026-04-08 07:00:13] ✓ 600348.SH (484行)
[2026-04-08 07:00:13] ✓ 600350.SH (484行)
[2026-04-08 07:00:14] ✓ 600351.SH (484行)
[2026-04-08 07:00:14] 进度：400/4363 (9.2%) - 成功:400 失败:0
[2026-04-08 07:00:14] ⚠ 600352.SH 限流，等待 65 秒...
[2026-04-08 07:01:19] ✓ 600352.SH 重试成功 (484行)
[2026-04-08 07:01:19] ✓ 600353.SH (484行)
[2026-04-08 07:01:19] ✓ 600356.SH (475行)
[2026-04-08 07:01:20] ✓ 600360.SH (483行)
[2026-04-08 07:01:20] ✓ 600361.SH (484行)
[2026-04-08 07:01:20] ✓ 600362.SH (484行)
[2026-04-08 07:01:20] ✓ 600363.SH (484行)
[2026-04-08 07:01:20] ✓ 600366.SH (484行)
[2026-04-08 07:01:21] ✓ 600367.SH (484行)
[2026-04-08 07:01:21] ✓ 600368.SH (484行)
[2026-04-08 07:01:21] 进度：410/4363 (9.4%) - 成功:410 失败:0
[2026-04-08 07:01:21] ✓ 600369.SH (484行)
[2026-04-08 07:01:21] ✓ 600371.SH (484行)
[2026-04-08 07:01:21] ✓ 600372.SH (477行)
[2026-04-08 07:01:22] ✓ 600373.SH (481行)
[2026-04-08 07:01:22] ✓ 600375.SH (472行)
[2026-04-08 07:01:22] ✓ 600377.SH (484行)
[2026-04-08 07:01:22] ✓ 600378.SH (474行)
[2026-04-08 07:01:22] ✓ 600379.SH (484行)
[2026-04-08 07:01:23] ✓ 600380.SH (484行)
[2026-04-08 07:01:23] ✓ 600382.SH (483行)
[2026-04-08 07:01:23] 进度：420/4363 (9.6%) - 成功:420 失败:0
[2026-04-08 07:01:23] ✓ 600383.SH (484行)
[2026-04-08 07:01:23] ✓ 600386.SH (484行)
[2026-04-08 07:01:23] ✓ 600388.SH (483行)
[2026-04-08 07:01:24] ✓ 600389.SH (484行)
[2026-04-08 07:01:24] ✓ 600390.SH (484行)
[2026-04-08 07:01:24] ✓ 600392.SH (484行)
[2026-04-08 07:01:24] ✓ 600395.SH (484行)
[2026-04-08 07:01:24] ✓ 600398.SH (484行)
[2026-04-08 07:01:25] ✓ 600399.SH (484行)
[2026-04-08 07:01:25] ✓ 600400.SH (484行)
[2026-04-08 07:01:25] 进度：430/4363 (9.9%) - 成功:430 失败:0
[2026-04-08 07:01:25] ✓ 600406.SH (484行)
[2026-04-08 07:01:25] ✓ 600409.SH (484行)
[2026-04-08 07:01:25] ✓ 600410.SH (484行)
[2026-04-08 07:01:26] ✓ 600415.SH (484行)
[2026-04-08 07:01:26] ✓ 600418.SH (484行)
[2026-04-08 07:01:26] ✓ 600419.SH (484行)
[2026-04-08 07:01:26] ✓ 600420.SH (484行)
[2026-04-08 07:01:27] ✓ 600422.SH (484行)
[2026-04-08 07:01:27] ✓ 600425.SH (484行)
[2026-04-08 07:01:27] ✓ 600426.SH (484行)
[2026-04-08 07:01:27] 进度：440/4363 (10.1%) - 成功:440 失败:0
[2026-04-08 07:01:27] ✓ 600428.SH (484行)
[2026-04-08 07:01:27] ✓ 600429.SH (484行)
[2026-04-08 07:01:28] ✓ 600433.SH (484行)
[2026-04-08 07:01:28] ✓ 600435.SH (484行)
[2026-04-08 07:01:28] ✓ 600436.SH (484行)
[2026-04-08 07:01:28] ✓ 600438.SH (484行)
[2026-04-08 07:01:28] ✓ 600439.SH (484行)
[2026-04-08 07:01:29] ✓ 600444.SH (484行)
[2026-04-08 07:01:29] ✓ 600446.SH (474行)
[2026-04-08 07:01:29] ✓ 600449.SH (484行)
[2026-04-08 07:01:29] 进度：450/4363 (10.3%) - 成功:450 失败:0
[2026-04-08 07:01:29] ⚠ 600452.SH 限流，等待 65 秒...
[2026-04-08 07:02:34] ✓ 600452.SH 重试成功 (484行)
[2026-04-08 07:02:34] ✓ 600456.SH (484行)
[2026-04-08 07:02:35] ✓ 600458.SH (484行)
[2026-04-08 07:02:35] ✓ 600459.SH (484行)
[2026-04-08 07:02:35] ✓ 600460.SH (484行)
[2026-04-08 07:02:35] ✓ 600461.SH (484行)
[2026-04-08 07:02:35] ✓ 600467.SH (484行)
[2026-04-08 07:02:36] ✓ 600468.SH (484行)
[2026-04-08 07:02:36] ✓ 600469.SH (484行)
[2026-04-08 07:02:36] ✓ 600475.SH (484行)
[2026-04-08 07:02:36] 进度：460/4363 (10.5%) - 成功:460 失败:0
[2026-04-08 07:02:36] ✓ 600477.SH (484行)
[2026-04-08 07:02:36] ✓ 600478.SH (484行)
[2026-04-08 07:02:37] ✓ 600479.SH (475行)
[2026-04-08 07:02:37] ✓ 600480.SH (484行)
[2026-04-08 07:02:37] ✓ 600481.SH (484行)
[2026-04-08 07:02:37] ✓ 600483.SH (484行)
[2026-04-08 07:02:37] ✓ 600486.SH (484行)
[2026-04-08 07:02:38] ✓ 600487.SH (484行)
[2026-04-08 07:02:38] ✓ 600488.SH (484行)
[2026-04-08 07:02:38] ✓ 600489.SH (484行)
[2026-04-08 07:02:38] 进度：470/4363 (10.8%) - 成功:470 失败:0
[2026-04-08 07:02:38] ✓ 600493.SH (484行)
[2026-04-08 07:02:38] ✓ 600495.SH (484行)
[2026-04-08 07:02:39] ✓ 600496.SH (484行)
[2026-04-08 07:02:39] ✓ 600497.SH (484行)
[2026-04-08 07:02:39] ✓ 600498.SH (484行)
[2026-04-08 07:02:39] ✓ 600499.SH (484行)
[2026-04-08 07:02:39] ✓ 600501.SH (484行)
[2026-04-08 07:02:40] ✓ 600502.SH (484行)
[2026-04-08 07:02:40] ✓ 600503.SH (484行)
[2026-04-08 07:02:40] ✓ 600505.SH (484行)
[2026-04-08 07:02:40] 进度：480/4363 (11.0%) - 成功:480 失败:0
[2026-04-08 07:02:40] ✓ 600507.SH (484行)
[2026-04-08 07:02:40] ✓ 600508.SH (484行)
[2026-04-08 07:02:41] ✓ 600509.SH (484行)
[2026-04-08 07:02:41] ✓ 600510.SH (484行)
[2026-04-08 07:02:41] ✓ 600511.SH (484行)
[2026-04-08 07:02:41] ✓ 600512.SH (484行)
[2026-04-08 07:02:41] ✓ 600513.SH (484行)
[2026-04-08 07:02:42] ✓ 600515.SH (484行)
[2026-04-08 07:02:42] ✓ 600516.SH (484行)
[2026-04-08 07:02:42] ✓ 600517.SH (484行)
[2026-04-08 07:02:42] 进度：490/4363 (11.2%) - 成功:490 失败:0
[2026-04-08 07:02:42] ✓ 600519.SH (484行)
[2026-04-08 07:02:42] ✓ 600521.SH (484行)
[2026-04-08 07:02:43] ✓ 600522.SH (484行)
[2026-04-08 07:02:43] ✓ 600523.SH (484行)
[2026-04-08 07:02:43] ✓ 600526.SH (484行)
[2026-04-08 07:02:43] ✓ 600527.SH (484行)
[2026-04-08 07:02:43] ✓ 600528.SH (484行)
[2026-04-08 07:02:44] ✓ 600529.SH (484行)
[2026-04-08 07:02:44] ✓ 600530.SH (440行)
[2026-04-08 07:02:44] ✓ 600531.SH (484行)
[2026-04-08 07:02:44] 进度：500/4363 (11.5%) - 成功:500 失败:0
[2026-04-08 07:02:44] ⚠ 600535.SH 限流，等待 65 秒...
[2026-04-08 07:03:49] ✓ 600535.SH 重试成功 (482行)
[2026-04-08 07:03:49] ✓ 600546.SH (484行)
[2026-04-08 07:03:50] ✓ 600547.SH (484行)
[2026-04-08 07:03:50] ✓ 600548.SH (484行)
[2026-04-08 07:03:50] ✓ 600549.SH (484行)
[2026-04-08 07:03:50] ✓ 600551.SH (484行)
[2026-04-08 07:03:50] ✓ 600552.SH (484行)
[2026-04-08 07:03:51] ✓ 600556.SH (484行)
[2026-04-08 07:03:51] ✓ 600557.SH (484行)
[2026-04-08 07:03:51] ✓ 600558.SH (484行)
[2026-04-08 07:03:51] 进度：510/4363 (11.7%) - 成功:510 失败:0
[2026-04-08 07:03:51] ✓ 600559.SH (484行)
[2026-04-08 07:03:51] ✓ 600560.SH (484行)
[2026-04-08 07:03:52] ✓ 600562.SH (484行)
[2026-04-08 07:03:52] ✓ 600563.SH (484行)
[2026-04-08 07:03:52] ✓ 600566.SH (484行)
[2026-04-08 07:03:52] ✓ 600567.SH (484行)
[2026-04-08 07:03:52] ✓ 600570.SH (484行)
[2026-04-08 07:03:53] ✓ 600571.SH (484行)
[2026-04-08 07:03:53] ✓ 600572.SH (484行)
[2026-04-08 07:03:53] ✓ 600573.SH (484行)
[2026-04-08 07:03:53] 进度：520/4363 (11.9%) - 成功:520 失败:0
[2026-04-08 07:03:53] ✓ 600575.SH (474行)
[2026-04-08 07:03:53] ✓ 600577.SH (484行)
[2026-04-08 07:03:54] ✓ 600578.SH (484行)
[2026-04-08 07:03:54] ✓ 600580.SH (484行)
[2026-04-08 07:03:54] ✓ 600582.SH (484行)
[2026-04-08 07:03:54] ✓ 600583.SH (484行)
[2026-04-08 07:03:54] ✓ 600584.SH (479行)
[2026-04-08 07:03:55] ✓ 600585.SH (484行)
[2026-04-08 07:03:55] ✓ 600586.SH (484行)
[2026-04-08 07:03:55] ✓ 600587.SH (484行)
[2026-04-08 07:03:55] 进度：530/4363 (12.1%) - 成功:530 失败:0
[2026-04-08 07:03:55] ✓ 600589.SH (481行)
[2026-04-08 07:03:55] ✓ 600592.SH (484行)
[2026-04-08 07:03:56] ✓ 600594.SH (484行)
[2026-04-08 07:03:56] ✓ 600596.SH (484行)
[2026-04-08 07:03:56] ✓ 600597.SH (484行)
[2026-04-08 07:03:56] ✓ 600598.SH (484行)
[2026-04-08 07:03:56] ✓ 600600.SH (484行)
[2026-04-08 07:03:57] ✓ 600602.SH (484行)
[2026-04-08 07:03:57] ✓ 600604.SH (484行)
[2026-04-08 07:03:57] ✓ 600605.SH (484行)
[2026-04-08 07:03:57] 进度：540/4363 (12.4%) - 成功:540 失败:0
[2026-04-08 07:03:57] ✓ 600611.SH (484行)
[2026-04-08 07:03:57] ✓ 600612.SH (484行)
[2026-04-08 07:03:58] ✓ 600613.SH (484行)
[2026-04-08 07:03:58] ✓ 600615.SH (484行)
[2026-04-08 07:03:58] ✓ 600616.SH (484行)
[2026-04-08 07:03:58] ✓ 600617.SH (484行)
[2026-04-08 07:03:58] ✓ 600618.SH (484行)
[2026-04-08 07:03:59] ✓ 600619.SH (484行)
[2026-04-08 07:03:59] ✓ 600620.SH (484行)
[2026-04-08 07:03:59] ✓ 600621.SH (484行)
[2026-04-08 07:03:59] 进度：550/4363 (12.6%) - 成功:550 失败:0
[2026-04-08 07:03:59] ⚠ 600623.SH 限流，等待 65 秒...
[2026-04-08 07:05:04] ✓ 600623.SH 重试成功 (484行)
[2026-04-08 07:05:04] ✓ 600628.SH (484行)
[2026-04-08 07:05:05] ✓ 600629.SH (484行)
[2026-04-08 07:05:05] ✓ 600630.SH (484行)
[2026-04-08 07:05:05] ✓ 600633.SH (484行)
[2026-04-08 07:05:05] ✓ 600635.SH (484行)
[2026-04-08 07:05:05] ✓ 600636.SH (484行)
[2026-04-08 07:05:06] ✓ 600637.SH (484行)
[2026-04-08 07:05:06] ✓ 600638.SH (484行)
[2026-04-08 07:05:06] ✓ 600639.SH (484行)
[2026-04-08 07:05:06] 进度：560/4363 (12.8%) - 成功:560 失败:0
[2026-04-08 07:05:06] ✓ 600640.SH (484行)
[2026-04-08 07:05:06] ✓ 600641.SH (483行)
[2026-04-08 07:05:07] ✓ 600642.SH (484行)
[2026-04-08 07:05:07] ✓ 600643.SH (484行)
[2026-04-08 07:05:07] ✓ 600648.SH (484行)
[2026-04-08 07:05:07] ✓ 600649.SH (484行)
[2026-04-08 07:05:07] ✓ 600650.SH (484行)
[2026-04-08 07:05:08] ✓ 600655.SH (484行)
[2026-04-08 07:05:08] ✓ 600660.SH (484行)
[2026-04-08 07:05:08] ✓ 600662.SH (484行)
[2026-04-08 07:05:08] 进度：570/4363 (13.1%) - 成功:570 失败:0
[2026-04-08 07:05:08] ✓ 600663.SH (484行)
[2026-04-08 07:05:08] ✓ 600667.SH (484行)
[2026-04-08 07:05:09] ✓ 600668.SH (484行)
[2026-04-08 07:05:09] ✓ 600673.SH (484行)
[2026-04-08 07:05:09] ✓ 600674.SH (484行)
[2026-04-08 07:05:09] ✓ 600675.SH (484行)
[2026-04-08 07:05:09] ✓ 600679.SH (484行)
[2026-04-08 07:05:10] ✓ 600681.SH (484行)
[2026-04-08 07:05:10] ✓ 600682.SH (484行)
[2026-04-08 07:05:10] ✓ 600685.SH (484行)
[2026-04-08 07:05:10] 进度：580/4363 (13.3%) - 成功:580 失败:0
[2026-04-08 07:05:10] ✓ 600686.SH (484行)
[2026-04-08 07:05:10] ✓ 600688.SH (484行)
[2026-04-08 07:05:11] ✓ 600689.SH (484行)
[2026-04-08 07:05:11] ✓ 600690.SH (484行)
[2026-04-08 07:05:11] ✓ 600692.SH (484行)
[2026-04-08 07:05:11] ✓ 600693.SH (484行)
[2026-04-08 07:05:11] ✓ 600694.SH (484行)
[2026-04-08 07:05:12] ✓ 600697.SH (484行)
[2026-04-08 07:05:12] ✓ 600699.SH (484行)
[2026-04-08 07:05:12] ✓ 600702.SH (484行)
[2026-04-08 07:05:12] 进度：590/4363 (13.5%) - 成功:590 失败:0
[2026-04-08 07:05:12] ✓ 600703.SH (484行)
[2026-04-08 07:05:12] ✓ 600704.SH (484行)
[2026-04-08 07:05:13] ✓ 600708.SH (484行)
[2026-04-08 07:05:13] ✓ 600710.SH (484行)
[2026-04-08 07:05:13] ✓ 600711.SH (483行)
[2026-04-08 07:05:13] ✓ 600713.SH (484行)
[2026-04-08 07:05:13] ✓ 600714.SH (484行)
[2026-04-08 07:05:14] ✓ 600715.SH (482行)
[2026-04-08 07:05:14] ✓ 600717.SH (484行)
[2026-04-08 07:05:14] ✓ 600718.SH (474行)
[2026-04-08 07:05:14] 进度：600/4363 (13.8%) - 成功:600 失败:0
[2026-04-08 07:05:14] ⚠ 600720.SH 限流，等待 65 秒...
[2026-04-08 07:06:19] ✓ 600720.SH 重试成功 (484行)
[2026-04-08 07:06:19] ✓ 600724.SH (484行)
[2026-04-08 07:06:20] ✓ 600727.SH (484行)
[2026-04-08 07:06:20] ✓ 600728.SH (484行)
[2026-04-08 07:06:20] ✓ 600729.SH (482行)
[2026-04-08 07:06:20] ✓ 600730.SH (484行)
[2026-04-08 07:06:20] ✓ 600731.SH (484行)
[2026-04-08 07:06:21] ✓ 600735.SH (484行)
[2026-04-08 07:06:21] ✓ 600736.SH (484行)
[2026-04-08 07:06:21] ✓ 600737.SH (484行)
[2026-04-08 07:06:21] 进度：610/4363 (14.0%) - 成功:610 失败:0
[2026-04-08 07:06:21] ✓ 600738.SH (484行)
[2026-04-08 07:06:21] ✓ 600739.SH (484行)
[2026-04-08 07:06:22] ✓ 600740.SH (484行)
[2026-04-08 07:06:22] ✓ 600741.SH (484行)
[2026-04-08 07:06:22] ✓ 600742.SH (484行)
[2026-04-08 07:06:22] ✓ 600745.SH (484行)
[2026-04-08 07:06:22] ✓ 600746.SH (484行)
[2026-04-08 07:06:23] ✓ 600748.SH (483行)
[2026-04-08 07:06:23] ✓ 600750.SH (484行)
[2026-04-08 07:06:23] ✓ 600754.SH (484行)
[2026-04-08 07:06:23] 进度：620/4363 (14.2%) - 成功:620 失败:0
[2026-04-08 07:06:23] ✓ 600755.SH (484行)
[2026-04-08 07:06:23] ✓ 600756.SH (484行)
[2026-04-08 07:06:24] ✓ 600757.SH (484行)
[2026-04-08 07:06:24] ✓ 600758.SH (484行)
[2026-04-08 07:06:24] ✓ 600759.SH (481行)
[2026-04-08 07:06:24] ✓ 600760.SH (484行)
[2026-04-08 07:06:24] ✓ 600761.SH (484行)
[2026-04-08 07:06:25] ✓ 600763.SH (484行)
[2026-04-08 07:06:25] ✓ 600764.SH (484行)
[2026-04-08 07:06:25] ✓ 600765.SH (484行)
[2026-04-08 07:06:25] 进度：630/4363 (14.4%) - 成功:630 失败:0
[2026-04-08 07:06:25] ✓ 600768.SH (484行)
[2026-04-08 07:06:25] ✓ 600773.SH (484行)
[2026-04-08 07:06:26] ✓ 600776.SH (484行)
[2026-04-08 07:06:26] ✓ 600779.SH (484行)
[2026-04-08 07:06:26] ✓ 600780.SH (484行)
[2026-04-08 07:06:26] ✓ 600782.SH (484行)
[2026-04-08 07:06:26] ✓ 600783.SH (484行)
[2026-04-08 07:06:27] ✓ 600784.SH (484行)
[2026-04-08 07:06:27] ✓ 600785.SH (484行)
[2026-04-08 07:06:27] ✓ 600787.SH (484行)
[2026-04-08 07:06:27] 进度：640/4363 (14.7%) - 成功:640 失败:0
[2026-04-08 07:06:27] ✓ 600789.SH (484行)
[2026-04-08 07:06:27] ✓ 600790.SH (484行)
[2026-04-08 07:06:28] ✓ 600792.SH (484行)
[2026-04-08 07:06:28] ✓ 600794.SH (484行)
[2026-04-08 07:06:28] ✓ 600795.SH (484行)
[2026-04-08 07:06:28] ✓ 600796.SH (484行)
[2026-04-08 07:06:28] ✓ 600797.SH (484行)
[2026-04-08 07:06:29] ✓ 600798.SH (484行)
[2026-04-08 07:06:29] ✓ 600801.SH (484行)
[2026-04-08 07:06:29] ✓ 600803.SH (484行)
[2026-04-08 07:06:29] 进度：650/4363 (14.9%) - 成功:650 失败:0
[2026-04-08 07:06:29] ⚠ 600805.SH 限流，等待 65 秒...
[2026-04-08 07:07:34] ✓ 600805.SH 重试成功 (484行)
[2026-04-08 07:07:34] ✓ 600809.SH (484行)
[2026-04-08 07:07:35] ✓ 600810.SH (484行)
[2026-04-08 07:07:35] ✓ 600812.SH (484行)
[2026-04-08 07:07:35] ✓ 600814.SH (484行)
[2026-04-08 07:07:35] ✓ 600817.SH (483行)
[2026-04-08 07:07:35] ✓ 600818.SH (484行)
[2026-04-08 07:07:36] ✓ 600819.SH (484行)
[2026-04-08 07:07:36] ✓ 600820.SH (484行)
[2026-04-08 07:07:36] ✓ 600824.SH (484行)
[2026-04-08 07:07:36] 进度：660/4363 (15.1%) - 成功:660 失败:0
[2026-04-08 07:07:36] ✓ 600825.SH (484行)
[2026-04-08 07:07:36] ✓ 600826.SH (484行)
[2026-04-08 07:07:37] ✓ 600827.SH (484行)
[2026-04-08 07:07:37] ✓ 600828.SH (484行)
[2026-04-08 07:07:37] ✓ 600829.SH (484行)
[2026-04-08 07:07:37] ✓ 600830.SH (484行)
[2026-04-08 07:07:37] ✓ 600833.SH (484行)
[2026-04-08 07:07:38] ✓ 600834.SH (484行)
[2026-04-08 07:07:38] ✓ 600835.SH (484行)
[2026-04-08 07:07:38] ✓ 600838.SH (484行)
[2026-04-08 07:07:38] 进度：670/4363 (15.4%) - 成功:670 失败:0
[2026-04-08 07:07:38] ✓ 600839.SH (484行)
[2026-04-08 07:07:38] ✓ 600843.SH (483行)
[2026-04-08 07:07:39] ✓ 600845.SH (484行)
[2026-04-08 07:07:39] ✓ 600846.SH (484行)
[2026-04-08 07:07:39] ✓ 600848.SH (484行)
[2026-04-08 07:07:39] ✓ 601607.SH (484行)
[2026-04-08 07:07:39] ✓ 600850.SH (484行)
[2026-04-08 07:07:40] ✓ 600851.SH (484行)
[2026-04-08 07:07:40] ✓ 600853.SH (484行)
[2026-04-08 07:07:40] ✓ 600854.SH (484行)
[2026-04-08 07:07:40] 进度：680/4363 (15.6%) - 成功:680 失败:0
[2026-04-08 07:07:40] ✓ 600855.SH (484行)
[2026-04-08 07:07:40] ✓ 600857.SH (484行)
[2026-04-08 07:07:41] ✓ 600858.SH (484行)
[2026-04-08 07:07:41] ✓ 600859.SH (484行)
[2026-04-08 07:07:41] ✓ 600861.SH (484行)
[2026-04-08 07:07:41] ✓ 600862.SH (484行)
[2026-04-08 07:07:41] ✓ 600863.SH (484行)
[2026-04-08 07:07:42] ✓ 600864.SH (484行)
[2026-04-08 07:07:42] ✓ 600865.SH (484行)
[2026-04-08 07:07:42] ✓ 600866.SH (484行)
[2026-04-08 07:07:42] 进度：690/4363 (15.8%) - 成功:690 失败:0
[2026-04-08 07:07:42] ✓ 600867.SH (484行)
[2026-04-08 07:07:42] ✓ 600869.SH (484行)
[2026-04-08 07:07:43] ✓ 600872.SH (484行)
[2026-04-08 07:07:43] ✓ 600873.SH (484行)
[2026-04-08 07:07:43] ✓ 600874.SH (484行)
[2026-04-08 07:07:43] ✓ 600875.SH (484行)
[2026-04-08 07:07:43] ✓ 600879.SH (484行)
[2026-04-08 07:07:44] ✓ 600880.SH (484行)
[2026-04-08 07:07:44] ✓ 600883.SH (484行)
[2026-04-08 07:07:44] ✓ 600884.SH (484行)
[2026-04-08 07:07:44] 进度：700/4363 (16.0%) - 成功:700 失败:0
[2026-04-08 07:07:44] ⚠ 600885.SH 限流，等待 65 秒...
[2026-04-08 07:08:49] ✓ 600885.SH 重试成功 (484行)
[2026-04-08 07:08:49] ✓ 600886.SH (484行)
[2026-04-08 07:08:50] ✓ 600887.SH (484行)
[2026-04-08 07:08:50] ✓ 600888.SH (484行)
[2026-04-08 07:08:50] ✓ 600893.SH (484行)
[2026-04-08 07:08:50] ✓ 600894.SH (484行)
[2026-04-08 07:08:50] ✓ 600895.SH (484行)
[2026-04-08 07:08:51] ✓ 600897.SH (484行)
[2026-04-08 07:08:51] ✓ 600900.SH (484行)
[2026-04-08 07:08:51] ✓ 600963.SH (484行)
[2026-04-08 07:08:51] 进度：710/4363 (16.3%) - 成功:710 失败:0
[2026-04-08 07:08:51] ✓ 600966.SH (484行)
[2026-04-08 07:08:51] ✓ 600967.SH (484行)
[2026-04-08 07:08:52] ✓ 600976.SH (484行)
[2026-04-08 07:08:52] ✓ 600980.SH (484行)
[2026-04-08 07:08:52] ✓ 600985.SH (484行)
[2026-04-08 07:08:52] ✓ 600986.SH (484行)
[2026-04-08 07:08:52] ✓ 600988.SH (484行)
[2026-04-08 07:08:53] ✓ 600992.SH (484行)
[2026-04-08 07:08:53] ✓ 600993.SH (484行)
[2026-04-08 07:08:53] ✓ 600995.SH (484行)
[2026-04-08 07:08:53] 进度：720/4363 (16.5%) - 成功:720 失败:0
[2026-04-08 07:08:53] ✓ 600997.SH (484行)
[2026-04-08 07:08:53] ✓ 002017.SZ (484行)
[2026-04-08 07:08:54] ✓ 002003.SZ (484行)
[2026-04-08 07:08:54] ✓ 002004.SZ (484行)
[2026-04-08 07:08:54] ✓ 002006.SZ (484行)
[2026-04-08 07:08:54] ✓ 002007.SZ (484行)
[2026-04-08 07:08:54] ✓ 002008.SZ (484行)
[2026-04-08 07:08:55] ✓ 002009.SZ (484行)
[2026-04-08 07:08:55] ✓ 002010.SZ (484行)
[2026-04-08 07:08:55] ✓ 002012.SZ (484行)
[2026-04-08 07:08:55] 进度：730/4363 (16.7%) - 成功:730 失败:0
[2026-04-08 07:08:55] ✓ 002014.SZ (484行)
[2026-04-08 07:08:55] ✓ 002015.SZ (484行)
[2026-04-08 07:08:56] ✓ 002016.SZ (480行)
[2026-04-08 07:08:56] ✓ 002019.SZ (484行)
[2026-04-08 07:08:56] ✓ 002020.SZ (484行)
[2026-04-08 07:08:56] ✓ 002021.SZ (481行)
[2026-04-08 07:08:56] ✓ 002023.SZ (484行)
[2026-04-08 07:08:57] ✓ 002025.SZ (484行)
[2026-04-08 07:08:57] ✓ 002026.SZ (484行)
[2026-04-08 07:08:57] ✓ 002027.SZ (484行)
[2026-04-08 07:08:57] 进度：740/4363 (17.0%) - 成功:740 失败:0
[2026-04-08 07:08:57] ✓ 002028.SZ (484行)
[2026-04-08 07:08:57] ✓ 002029.SZ (484行)
[2026-04-08 07:08:58] ✓ 002030.SZ (484行)
[2026-04-08 07:08:58] ✓ 002032.SZ (484行)
[2026-04-08 07:08:58] ✓ 002033.SZ (484行)
[2026-04-08 07:08:58] ✓ 002034.SZ (484行)
[2026-04-08 07:08:58] ✓ 002035.SZ (484行)
[2026-04-08 07:08:59] ✓ 002038.SZ (484行)
[2026-04-08 07:08:59] ✓ 600143.SH (484行)
[2026-04-08 07:08:59] ✓ 600482.SH (474行)
[2026-04-08 07:08:59] 进度：750/4363 (17.2%) - 成功:750 失败:0
[2026-04-08 07:08:59] ⚠ 600965.SH 限流，等待 65 秒...
[2026-04-08 07:10:04] ✓ 600965.SH 重试成功 (484行)
[2026-04-08 07:10:04] ✓ 600971.SH (484行)
[2026-04-08 07:10:05] ✓ 600979.SH (484行)
[2026-04-08 07:10:05] ✓ 600981.SH (484行)
[2026-04-08 07:10:05] ✓ 600982.SH (484行)
[2026-04-08 07:10:05] ✓ 600983.SH (484行)
[2026-04-08 07:10:05] ✓ 600987.SH (484行)
[2026-04-08 07:10:06] ✓ 600027.SH (474行)
[2026-04-08 07:10:06] ✓ 002039.SZ (484行)
[2026-04-08 07:10:06] ✓ 002040.SZ (484行)
[2026-04-08 07:10:06] 进度：760/4363 (17.4%) - 成功:760 失败:0
[2026-04-08 07:10:06] ✓ 600970.SH (483行)
[2026-04-08 07:10:06] ✓ 002041.SZ (484行)
[2026-04-08 07:10:07] ✓ 002042.SZ (484行)
[2026-04-08 07:10:07] ✓ 002043.SZ (484行)
[2026-04-08 07:10:07] ✓ 002044.SZ (484行)
[2026-04-08 07:10:07] ✓ 002046.SZ (484行)
[2026-04-08 07:10:07] ✓ 002048.SZ (484行)
[2026-04-08 07:10:08] ✓ 002049.SZ (484行)
[2026-04-08 07:10:08] ✓ 002050.SZ (484行)
[2026-04-08 07:10:08] ✓ 002051.SZ (484行)
[2026-04-08 07:10:08] 进度：770/4363 (17.6%) - 成功:770 失败:0
[2026-04-08 07:10:08] ✓ 002053.SZ (484行)
[2026-04-08 07:10:08] ✓ 601001.SH (484行)
[2026-04-08 07:10:09] ✓ 601988.SH (484行)
[2026-04-08 07:10:09] ✓ 002054.SZ (484行)
[2026-04-08 07:10:09] ✓ 002056.SZ (484行)
[2026-04-08 07:10:09] ✓ 600048.SH (484行)
[2026-04-08 07:10:09] ✓ 002057.SZ (484行)
[2026-04-08 07:10:10] ✓ 601006.SH (484行)
[2026-04-08 07:10:10] ✓ 002060.SZ (484行)
[2026-04-08 07:10:10] ✓ 002061.SZ (484行)
[2026-04-08 07:10:10] 进度：780/4363 (17.9%) - 成功:780 失败:0
[2026-04-08 07:10:10] ✓ 002062.SZ (484行)
[2026-04-08 07:10:10] ✓ 002063.SZ (484行)
[2026-04-08 07:10:11] ✓ 002064.SZ (480行)
[2026-04-08 07:10:11] ✓ 002065.SZ (484行)
[2026-04-08 07:10:11] ✓ 002066.SZ (484行)
[2026-04-08 07:10:11] ✓ 002067.SZ (484行)
[2026-04-08 07:10:11] ✓ 300016.SZ (484行)
[2026-04-08 07:10:12] ✓ 601699.SH (484行)
[2026-04-08 07:10:12] ✓ 601588.SH (484行)
[2026-04-08 07:10:12] ✓ 002073.SZ (484行)
[2026-04-08 07:10:12] 进度：790/4363 (18.1%) - 成功:790 失败:0
[2026-04-08 07:10:12] ✓ 600017.SH (484行)
[2026-04-08 07:10:12] ✓ 002074.SZ (484行)
[2026-04-08 07:10:13] ✓ 002075.SZ (484行)
[2026-04-08 07:10:13] ✓ 601398.SH (484行)
[2026-04-08 07:10:13] ✓ 002079.SZ (484行)
[2026-04-08 07:10:13] ✓ 002078.SZ (484行)
[2026-04-08 07:10:13] ✓ 600018.SH (484行)
[2026-04-08 07:10:14] ✓ 002080.SZ (484行)
[2026-04-08 07:10:14] ✓ 002081.SZ (484行)
[2026-04-08 07:10:14] ✓ 002082.SZ (484行)
[2026-04-08 07:10:14] 进度：800/4363 (18.3%) - 成功:800 失败:0
[2026-04-08 07:10:14] ⚠ 601666.SH 限流，等待 65 秒...
[2026-04-08 07:11:19] ✓ 601666.SH 重试成功 (484行)
[2026-04-08 07:11:19] ✓ 002083.SZ (484行)
[2026-04-08 07:11:20] ✓ 002084.SZ (484行)
[2026-04-08 07:11:20] ✓ 002085.SZ (484行)
[2026-04-08 07:11:20] ✓ 002088.SZ (484行)
[2026-04-08 07:11:20] ✓ 601872.SH (484行)
[2026-04-08 07:11:21] ✓ 002090.SZ (484行)
[2026-04-08 07:11:21] ✓ 002091.SZ (484行)
[2026-04-08 07:11:21] ✓ 601991.SH (484行)
[2026-04-08 07:11:21] ✓ 002095.SZ (484行)
[2026-04-08 07:11:21] 进度：810/4363 (18.6%) - 成功:810 失败:0
[2026-04-08 07:11:21] ✓ 002093.SZ (484行)
[2026-04-08 07:11:22] ✓ 002101.SZ (484行)
[2026-04-08 07:11:22] ✓ 002100.SZ (484行)
[2026-04-08 07:11:22] ✓ 002097.SZ (484行)
[2026-04-08 07:11:22] ✓ 002096.SZ (484行)
[2026-04-08 07:11:22] ✓ 002098.SZ (484行)
[2026-04-08 07:11:23] ✓ 002105.SZ (484行)
[2026-04-08 07:11:23] ✓ 601333.SH (484行)
[2026-04-08 07:11:23] ✓ 002104.SZ (484行)
[2026-04-08 07:11:23] ✓ 002108.SZ (484行)
[2026-04-08 07:11:23] 进度：820/4363 (18.8%) - 成功:820 失败:0
[2026-04-08 07:11:23] ✓ 002106.SZ (484行)
[2026-04-08 07:11:24] ✓ 601002.SH (484行)
[2026-04-08 07:11:24] ✓ 601628.SH (484行)
[2026-04-08 07:11:24] ✓ 002107.SZ (484行)
[2026-04-08 07:11:24] ✓ 002111.SZ (484行)
[2026-04-08 07:11:24] ✓ 002112.SZ (484行)
[2026-04-08 07:11:25] ✓ 002120.SZ (484行)
[2026-04-08 07:11:25] ✓ 002116.SZ (484行)
[2026-04-08 07:11:25] ✓ 002117.SZ (484行)
[2026-04-08 07:11:25] ✓ 601166.SH (484行)
[2026-04-08 07:11:25] 进度：830/4363 (19.0%) - 成功:830 失败:0
[2026-04-08 07:11:25] ✓ 002119.SZ (484行)
[2026-04-08 07:11:26] ✓ 601318.SH (484行)
[2026-04-08 07:11:26] ✓ 002123.SZ (484行)
[2026-04-08 07:11:26] ✓ 601007.SH (484行)
[2026-04-08 07:11:26] ✓ 002125.SZ (484行)
[2026-04-08 07:11:26] ✓ 002126.SZ (484行)
[2026-04-08 07:11:27] ✓ 601008.SH (484行)
[2026-04-08 07:11:27] ✓ 002130.SZ (484行)
[2026-04-08 07:11:27] ✓ 002129.SZ (484行)
[2026-04-08 07:11:27] ✓ 002127.SZ (484行)
[2026-04-08 07:11:27] 进度：840/4363 (19.3%) - 成功:840 失败:0
[2026-04-08 07:11:27] ✓ 002131.SZ (484行)
[2026-04-08 07:11:28] ✓ 002132.SZ (484行)
[2026-04-08 07:11:28] ✓ 002135.SZ (484行)
[2026-04-08 07:11:28] ✓ 002136.SZ (482行)
[2026-04-08 07:11:28] ✓ 002133.SZ (484行)
[2026-04-08 07:11:28] ✓ 000338.SZ (484行)
[2026-04-08 07:11:29] ✓ 002128.SZ (484行)
[2026-04-08 07:11:29] ✓ 601998.SH (484行)
[2026-04-08 07:11:29] ✓ 002139.SZ (484行)
[2026-04-08 07:11:29] ✓ 601328.SH (484行)
[2026-04-08 07:11:29] 进度：850/4363 (19.5%) - 成功:850 失败:0
[2026-04-08 07:11:29] ⚠ 601600.SH 限流，等待 65 秒...
[2026-04-08 07:12:34] ✓ 601600.SH 重试成功 (484行)
[2026-04-08 07:12:35] ✓ 002138.SZ (484行)
[2026-04-08 07:12:35] ✓ 002170.SZ (484行)
[2026-04-08 07:12:35] ✓ 002140.SZ (484行)
[2026-04-08 07:12:35] ✓ 601919.SH (484行)
[2026-04-08 07:12:35] ✓ 601168.SH (484行)
[2026-04-08 07:12:36] ✓ 002144.SZ (484行)
[2026-04-08 07:12:36] ✓ 002142.SZ (484行)
[2026-04-08 07:12:36] ✓ 601009.SH (484行)
[2026-04-08 07:12:36] ✓ 002153.SZ (484行)
[2026-04-08 07:12:36] 进度：860/4363 (19.7%) - 成功:860 失败:0
[2026-04-08 07:12:36] ✓ 002159.SZ (479行)
[2026-04-08 07:12:37] ✓ 002148.SZ (484行)
[2026-04-08 07:12:37] ✓ 002150.SZ (484行)
[2026-04-08 07:12:37] ✓ 002152.SZ (484行)
[2026-04-08 07:12:37] ✓ 002149.SZ (484行)
[2026-04-08 07:12:37] ✓ 002155.SZ (484行)
[2026-04-08 07:12:38] ✓ 002151.SZ (484行)
[2026-04-08 07:12:38] ✓ 002156.SZ (484行)
[2026-04-08 07:12:38] ✓ 002145.SZ (484行)
[2026-04-08 07:12:38] ✓ 002158.SZ (484行)
[2026-04-08 07:12:38] 进度：870/4363 (19.9%) - 成功:870 失败:0
[2026-04-08 07:12:38] ✓ 002161.SZ (484行)
[2026-04-08 07:12:39] ✓ 002254.SZ (484行)
[2026-04-08 07:12:39] ✓ 002154.SZ (484行)
[2026-04-08 07:12:39] ✓ 002169.SZ (484行)
[2026-04-08 07:12:39] ✓ 002171.SZ (484行)
[2026-04-08 07:12:39] ✓ 002165.SZ (484行)
[2026-04-08 07:12:40] ✓ 002192.SZ (484行)
[2026-04-08 07:12:40] ✓ 002166.SZ (484行)
[2026-04-08 07:12:40] ✓ 002174.SZ (484行)
[2026-04-08 07:12:40] ✓ 601169.SH (484行)
[2026-04-08 07:12:40] 进度：880/4363 (20.2%) - 成功:880 失败:0
[2026-04-08 07:12:40] ✓ 002179.SZ (484行)
[2026-04-08 07:12:41] ✓ 002177.SZ (483行)
[2026-04-08 07:12:41] ✓ 601939.SH (484行)
[2026-04-08 07:12:41] ✓ 601808.SH (484行)
[2026-04-08 07:12:41] ✓ 002183.SZ (484行)
[2026-04-08 07:12:41] ✓ 002185.SZ (484行)
[2026-04-08 07:12:42] ✓ 002182.SZ (484行)
[2026-04-08 07:12:42] ✓ 002184.SZ (477行)
[2026-04-08 07:12:42] ✓ 601088.SH (484行)
[2026-04-08 07:12:42] ✓ 601857.SH (484行)
[2026-04-08 07:12:42] 进度：890/4363 (20.4%) - 成功:890 失败:0
[2026-04-08 07:12:42] ✓ 002187.SZ (484行)
[2026-04-08 07:12:43] ✓ 002208.SZ (474行)
[2026-04-08 07:12:43] ✓ 002190.SZ (484行)
[2026-04-08 07:12:43] ✓ 002191.SZ (484行)
[2026-04-08 07:12:43] ✓ 002194.SZ (484行)
[2026-04-08 07:12:43] ✓ 002195.SZ (484行)
[2026-04-08 07:12:44] ✓ 300213.SZ (484行)
[2026-04-08 07:12:44] ✓ 002200.SZ (484行)
[2026-04-08 07:12:44] ✓ 002198.SZ (484行)
[2026-04-08 07:12:44] ✓ 601390.SH (484行)
[2026-04-08 07:12:44] 进度：900/4363 (20.6%) - 成功:900 失败:0
[2026-04-08 07:12:44] ⚠ 601918.SH 限流，等待 65 秒...
[2026-04-08 07:13:49] ✓ 601918.SH 重试成功 (484行)
[2026-04-08 07:13:50] ✓ 002201.SZ (484行)
[2026-04-08 07:13:50] ✓ 002203.SZ (484行)
[2026-04-08 07:13:50] ✓ 601999.SH (484行)
[2026-04-08 07:13:50] ✓ 002202.SZ (484行)
[2026-04-08 07:13:50] ✓ 601866.SH (484行)
[2026-04-08 07:13:51] ✓ 002204.SZ (484行)
[2026-04-08 07:13:51] ✓ 601601.SH (484行)
[2026-04-08 07:13:51] ✓ 002206.SZ (484行)
[2026-04-08 07:13:51] ✓ 002209.SZ (484行)
[2026-04-08 07:13:51] 进度：910/4363 (20.9%) - 成功:910 失败:0
[2026-04-08 07:13:51] ✓ 002213.SZ (484行)
[2026-04-08 07:13:52] ✓ 002212.SZ (484行)
[2026-04-08 07:13:52] ✓ 002216.SZ (484行)
[2026-04-08 07:13:52] ✓ 601899.SH (484行)
[2026-04-08 07:13:52] ✓ 002215.SZ (484行)
[2026-04-08 07:13:52] ✓ 002214.SZ (484行)
[2026-04-08 07:13:53] ✓ 002226.SZ (484行)
[2026-04-08 07:13:53] ✓ 002218.SZ (484行)
[2026-04-08 07:13:53] ✓ 002222.SZ (484行)
[2026-04-08 07:13:53] ✓ 601898.SH (484行)
[2026-04-08 07:13:53] 进度：920/4363 (21.1%) - 成功:920 失败:0
[2026-04-08 07:13:53] ✓ 002224.SZ (484行)
[2026-04-08 07:13:54] ✓ 601958.SH (484行)
[2026-04-08 07:13:54] ✓ 601186.SH (484行)
[2026-04-08 07:13:54] ✓ 002223.SZ (484行)
[2026-04-08 07:13:54] ✓ 002225.SZ (484行)
[2026-04-08 07:13:54] ✓ 002228.SZ (484行)
[2026-04-08 07:13:55] ✓ 002244.SZ (484行)
[2026-04-08 07:13:55] ✓ 002230.SZ (484行)
[2026-04-08 07:13:55] ✓ 002237.SZ (484行)
[2026-04-08 07:13:55] ✓ 002232.SZ (484行)
[2026-04-08 07:13:55] 进度：930/4363 (21.3%) - 成功:930 失败:0
[2026-04-08 07:13:55] ✓ 002249.SZ (484行)
[2026-04-08 07:13:56] ✓ 002246.SZ (484行)
[2026-04-08 07:13:56] ✓ 002233.SZ (484行)
[2026-04-08 07:13:56] ✓ 002243.SZ (484行)
[2026-04-08 07:13:56] ✓ 002236.SZ (484行)
[2026-04-08 07:13:56] ✓ 002252.SZ (477行)
[2026-04-08 07:13:57] ✓ 002240.SZ (484行)
[2026-04-08 07:13:57] ✓ 002239.SZ (484行)
[2026-04-08 07:13:57] ✓ 002238.SZ (484行)
[2026-04-08 07:13:57] ✓ 002242.SZ (484行)
[2026-04-08 07:13:57] 进度：940/4363 (21.5%) - 成功:940 失败:0
[2026-04-08 07:13:57] ✓ 002245.SZ (484行)
[2026-04-08 07:13:58] ✓ 002241.SZ (484行)
[2026-04-08 07:13:58] ✓ 002274.SZ (484行)
[2026-04-08 07:13:58] ✓ 002251.SZ (476行)
[2026-04-08 07:13:58] ✓ 002255.SZ (484行)
[2026-04-08 07:13:58] ✓ 002262.SZ (484行)
[2026-04-08 07:13:59] ✓ 002264.SZ (484行)
[2026-04-08 07:13:59] ✓ 002258.SZ (484行)
[2026-04-08 07:13:59] ✓ 002250.SZ (484行)
[2026-04-08 07:13:59] ✓ 601668.SH (484行)
[2026-04-08 07:13:59] 进度：950/4363 (21.8%) - 成功:950 失败:0
[2026-04-08 07:13:59] ⚠ 002267.SZ 限流，等待 65 秒...
[2026-04-08 07:15:04] ✓ 002267.SZ 重试成功 (484行)
[2026-04-08 07:15:05] ✓ 002268.SZ (484行)
[2026-04-08 07:15:05] ✓ 002271.SZ (484行)
[2026-04-08 07:15:05] ✓ 002270.SZ (484行)
[2026-04-08 07:15:05] ✓ 002272.SZ (484行)
[2026-04-08 07:15:05] ✓ 002266.SZ (484行)
[2026-04-08 07:15:06] ✓ 002275.SZ (484行)
[2026-04-08 07:15:06] ✓ 002273.SZ (484行)
[2026-04-08 07:15:06] ✓ 002396.SZ (484行)
[2026-04-08 07:15:06] ✓ 601107.SH (474行)
[2026-04-08 07:15:06] 进度：960/4363 (22.0%) - 成功:960 失败:0
[2026-04-08 07:15:06] ✓ 601766.SH (484行)
[2026-04-08 07:15:07] ✓ 601788.SH (484行)
[2026-04-08 07:15:07] ✓ 002276.SZ (484行)
[2026-04-08 07:15:07] ✓ 002282.SZ (484行)
[2026-04-08 07:15:07] ✓ 002284.SZ (484行)
[2026-04-08 07:15:07] ✓ 002283.SZ (484行)
[2026-04-08 07:15:08] ✓ 002277.SZ (472行)
[2026-04-08 07:15:08] ✓ 002278.SZ (484行)
[2026-04-08 07:15:08] ✓ 002461.SZ (484行)
[2026-04-08 07:15:08] ✓ 002281.SZ (484行)
[2026-04-08 07:15:08] 进度：970/4363 (22.2%) - 成功:970 失败:0
[2026-04-08 07:15:08] ✓ 002287.SZ (484行)
[2026-04-08 07:15:09] ✓ 002286.SZ (484行)
[2026-04-08 07:15:09] ✓ 002296.SZ (484行)
[2026-04-08 07:15:09] ✓ 002295.SZ (484行)
[2026-04-08 07:15:09] ✓ 002300.SZ (484行)
[2026-04-08 07:15:09] ✓ 002293.SZ (484行)
[2026-04-08 07:15:10] ✓ 002294.SZ (484行)
[2026-04-08 07:15:10] ✓ 600999.SH (484行)
[2026-04-08 07:15:10] ✓ 300002.SZ (484行)
[2026-04-08 07:15:10] ✓ 002599.SZ (484行)
[2026-04-08 07:15:10] 进度：980/4363 (22.5%) - 成功:980 失败:0
[2026-04-08 07:15:10] ✓ 601126.SH (484行)
[2026-04-08 07:15:11] ✓ 601633.SH (484行)
[2026-04-08 07:15:11] ✓ 002467.SZ (484行)
[2026-04-08 07:15:11] ✓ 002448.SZ (484行)
[2026-04-08 07:15:11] ✓ 002438.SZ (484行)
[2026-04-08 07:15:11] ✓ 002419.SZ (484行)
[2026-04-08 07:15:12] ✓ 300445.SZ (484行)
[2026-04-08 07:15:12] ✓ 601888.SH (484行)
[2026-04-08 07:15:12] ✓ 002299.SZ (484行)
[2026-04-08 07:15:12] ✓ 002301.SZ (484行)
[2026-04-08 07:15:12] 进度：990/4363 (22.7%) - 成功:990 失败:0
[2026-04-08 07:15:12] ✓ 002489.SZ (484行)
[2026-04-08 07:15:13] ✓ 002304.SZ (484行)
[2026-04-08 07:15:13] ✓ 002365.SZ (484行)
[2026-04-08 07:15:13] ✓ 002302.SZ (484行)
[2026-04-08 07:15:13] ✓ 002307.SZ (484行)
[2026-04-08 07:15:13] ✓ 002350.SZ (484行)
[2026-04-08 07:15:14] ✓ 002315.SZ (484行)
[2026-04-08 07:15:14] ✓ 002303.SZ (484行)
[2026-04-08 07:15:14] ✓ 002756.SZ (484行)
[2026-04-08 07:15:14] ✓ 601139.SH (484行)
[2026-04-08 07:15:14] 进度：1000/4363 (22.9%) - 成功:1000 失败:0
[2026-04-08 07:15:14] ⚠ 002311.SZ 限流，等待 65 秒...
[2026-04-08 07:16:19] ✓ 002311.SZ 重试成功 (484行)
[2026-04-08 07:16:20] ✓ 002312.SZ (484行)
[2026-04-08 07:16:20] ✓ 002523.SZ (484行)
[2026-04-08 07:16:20] ✓ 601618.SH (484行)
[2026-04-08 07:16:20] ✓ 601117.SH (484行)
[2026-04-08 07:16:20] ✓ 002318.SZ (484行)
[2026-04-08 07:16:21] ✓ 002327.SZ (484行)
[2026-04-08 07:16:21] ✓ 002317.SZ (484行)
[2026-04-08 07:16:21] ✓ 300010.SZ (481行)
[2026-04-08 07:16:21] ✓ 300001.SZ (484行)
[2026-04-08 07:16:21] 进度：1010/4363 (23.1%) - 成功:1010 失败:0
[2026-04-08 07:16:21] ✓ 002331.SZ (484行)
[2026-04-08 07:16:22] ✓ 300003.SZ (484行)
[2026-04-08 07:16:22] ✓ 300007.SZ (484行)
[2026-04-08 07:16:22] ✓ 300014.SZ (484行)
[2026-04-08 07:16:22] ✓ 300009.SZ (484行)
[2026-04-08 07:16:22] ✓ 300005.SZ (484行)
[2026-04-08 07:16:23] ✓ 601801.SH (484行)
[2026-04-08 07:16:23] ✓ 002328.SZ (484行)
[2026-04-08 07:16:23] ✓ 300012.SZ (484行)
[2026-04-08 07:16:23] ✓ 300018.SZ (484行)
[2026-04-08 07:16:23] 进度：1020/4363 (23.4%) - 成功:1020 失败:0
[2026-04-08 07:16:23] ✓ 300017.SZ (484行)
[2026-04-08 07:16:24] ✓ 300015.SZ (484行)
[2026-04-08 07:16:24] ✓ 300019.SZ (484行)
[2026-04-08 07:16:24] ✓ 300021.SZ (484行)
[2026-04-08 07:16:24] ✓ 300033.SZ (484行)
[2026-04-08 07:16:24] ✓ 002320.SZ (484行)
[2026-04-08 07:16:25] ✓ 601877.SH (484行)
[2026-04-08 07:16:25] ✓ 300026.SZ (484行)
[2026-04-08 07:16:25] ✓ 002324.SZ (484行)
[2026-04-08 07:16:25] ✓ 002322.SZ (484行)
[2026-04-08 07:16:25] 进度：1030/4363 (23.6%) - 成功:1030 失败:0
[2026-04-08 07:16:25] ✓ 002330.SZ (484行)
[2026-04-08 07:16:26] ✓ 002333.SZ (484行)
[2026-04-08 07:16:26] ✓ 002332.SZ (484行)
[2026-04-08 07:16:26] ✓ 002334.SZ (484行)
[2026-04-08 07:16:26] ✓ 002337.SZ (484行)
[2026-04-08 07:16:26] ✓ 002335.SZ (484行)
[2026-04-08 07:16:27] ✓ 002338.SZ (484行)
[2026-04-08 07:16:27] ✓ 002340.SZ (484行)
[2026-04-08 07:16:27] ✓ 002561.SZ (484行)
[2026-04-08 07:16:27] ✓ 002339.SZ (484行)
[2026-04-08 07:16:27] 进度：1040/4363 (23.8%) - 成功:1040 失败:0
[2026-04-08 07:16:27] ✓ 002344.SZ (484行)
[2026-04-08 07:16:28] ✓ 300031.SZ (484行)
[2026-04-08 07:16:28] ✓ 002342.SZ (484行)
[2026-04-08 07:16:28] ✓ 002538.SZ (484行)
[2026-04-08 07:16:28] ✓ 002345.SZ (484行)
[2026-04-08 07:16:28] ✓ 002346.SZ (484行)
[2026-04-08 07:16:29] ✓ 002347.SZ (484行)
[2026-04-08 07:16:29] ✓ 002381.SZ (484行)
[2026-04-08 07:16:29] ✓ 300034.SZ (484行)
[2026-04-08 07:16:29] ✓ 002349.SZ (484行)
[2026-04-08 07:16:29] 进度：1050/4363 (24.1%) - 成功:1050 失败:0
[2026-04-08 07:16:29] ⚠ 601678.SH 限流，等待 65 秒...
[2026-04-08 07:17:34] ✓ 601678.SH 重试成功 (484行)
[2026-04-08 07:17:35] ✓ 002351.SZ (484行)
[2026-04-08 07:17:35] ✓ 002352.SZ (484行)
[2026-04-08 07:17:35] ✓ 002353.SZ (484行)
[2026-04-08 07:17:35] ✓ 300035.SZ (484行)
[2026-04-08 07:17:35] ✓ 300036.SZ (484行)
[2026-04-08 07:17:36] ✓ 002358.SZ (483行)
[2026-04-08 07:17:36] ✓ 300041.SZ (484行)
[2026-04-08 07:17:36] ✓ 300037.SZ (484行)
[2026-04-08 07:17:36] ✓ 002357.SZ (484行)
[2026-04-08 07:17:36] 进度：1060/4363 (24.3%) - 成功:1060 失败:0
[2026-04-08 07:17:36] ✓ 002455.SZ (484行)