[2026-04-09 15:39:08] 📄 创建说明文件：/home/admin/.openclaw/workspace/stocks/data_history_2022_2026/README.md
[2026-04-09 15:39:08] ================================================================================
[2026-04-09 15:39:08] 📊 获取全市场历史数据：20220101 ~ 20261231
[2026-04-09 15:39:08] 📁 数据目录：/home/admin/.openclaw/workspace/stocks/data_history_2022_2026
[2026-04-09 15:39:08] ================================================================================
[2026-04-09 15:39:08] 从缓存加载股票列表：/home/admin/.openclaw/workspace/stocks/data_history_2022_2026/stock_list.json
[2026-04-09 15:39:08] 加载到 5497 只股票
[2026-04-09 15:39:08] 计划获取 5497 只股票
[2026-04-09 15:39:08] [1/5497] 000001.SZ - 已存在，跳过
[2026-04-09 15:40:49] 进度：101/5497 (成功:100 失败:0 耗时:100.9秒)
[2026-04-09 15:40:49] [101/5497] 000518.SZ - 获取成功 (1029 条)
[2026-04-09 15:42:56] 进度：201/5497 (成功:200 失败:0 耗时:227.2秒)
[2026-04-09 15:42:56] [201/5497] 000670.SZ - 获取成功 (856 条)
[2026-04-09 15:45:02] 进度：301/5497 (成功:300 失败:0 耗时:353.5秒)
[2026-04-09 15:45:02] [301/5497] 000820.SZ - 获取成功 (1026 条)
[2026-04-09 15:47:09] 进度：401/5497 (成功:400 失败:0 耗时:480.2秒)
[2026-04-09 15:47:09] [401/5497] 000977.SZ - 获取成功 (1030 条)
[2026-04-09 15:49:15] 进度：501/5497 (成功:500 失败:0 耗时:606.4秒)
[2026-04-09 15:49:15] [501/5497] 600125.SH - 获取成功 (1030 条)
[2026-04-09 15:51:21] 进度：601/5497 (成功:600 失败:0 耗时:732.7秒)
[2026-04-09 15:51:21] [601/5497] 600257.SH - 获取成功 (1030 条)
[2026-04-09 15:53:27] 进度：701/5497 (成功:700 失败:0 耗时:859.0秒)
[2026-04-09 15:53:27] [701/5497] 600389.SH - 获取成功 (1030 条)
[2026-04-09 15:55:34] 进度：801/5497 (成功:800 失败:0 耗时:985.4秒)
[2026-04-09 15:55:34] [801/5497] 600536.SH - 获取成功 (1030 条)
[2026-04-09 15:57:41] 进度：901/5497 (成功:900 失败:0 耗时:1112.2秒)
[2026-04-09 15:57:41] [901/5497] 600657.SH - 获取成功 (1030 条)
[2026-04-09 15:59:49] 进度：1001/5497 (成功:1000 失败:0 耗时:1240.2秒)
[2026-04-09 15:59:49] [1001/5497] 600776.SH - 获取成功 (1030 条)
[2026-04-09 16:01:57] 进度：1101/5497 (成功:1100 失败:0 耗时:1368.3秒)
[2026-04-09 16:01:57] [1101/5497] 600897.SH - 获取成功 (1030 条)
[2026-04-09 16:04:04] 进度：1201/5497 (成功:1200 失败:0 耗时:1495.3秒)
[2026-04-09 16:04:04] [1201/5497] 002066.SZ - 获取成功 (1030 条)
[2026-04-09 16:06:11] 进度：1301/5497 (成功:1300 失败:0 耗时:1622.5秒)
[2026-04-09 16:06:11] [1301/5497] 002142.SZ - 获取成功 (1031 条)
[2026-04-09 16:08:17] 进度：1401/5497 (成功:1400 失败:0 耗时:1749.0秒)
[2026-04-09 16:08:17] [1401/5497] 002244.SZ - 获取成功 (1031 条)
[2026-04-09 16:52:20] 📄 创建说明文件：/home/admin/.openclaw/workspace/stocks/data_history_2022_2026/README.md
[2026-04-09 16:52:20] ================================================================================
[2026-04-09 16:52:20] 📊 获取全市场历史数据：20220101 ~ 20261231
[2026-04-09 16:52:20] 📁 数据目录：/home/admin/.openclaw/workspace/stocks/data_history_2022_2026
[2026-04-09 16:52:20] ================================================================================
[2026-04-09 16:52:20] 从缓存加载股票列表：/home/admin/.openclaw/workspace/stocks/data_history_2022_2026/stock_list.json
[2026-04-09 16:52:20] 加载到 5497 只股票
[2026-04-09 16:52:20] 计划获取 5497 只股票
[2026-04-09 16:52:20] [1/5497] 000001.SZ - 已存在，跳过
[2026-04-09 16:52:20] [501/5497] 600125.SH - 已存在，跳过
[2026-04-09 16:52:20] [1001/5497] 600776.SH - 已存在，跳过
[2026-04-09 16:53:35] 进度：1501/5497 (成功:1500 失败:0 耗时:74.5秒)
[2026-04-09 16:53:35] [1501/5497] 002303.SZ - 获取成功 (1031 条)
[2026-04-09 16:55:41] 进度：1601/5497 (成功:1600 失败:0 耗时:200.8秒)
[2026-04-09 16:55:41] [1601/5497] 601688.SH - 获取成功 (1031 条)
[2026-04-09 16:57:47] 进度：1701/5497 (成功:1700 失败:0 耗时:327.2秒)
[2026-04-09 16:57:47] [1701/5497] 002424.SZ - 获取成功 (1028 条)
[2026-04-09 16:59:53] 进度：1801/5497 (成功:1800 失败:0 耗时:453.4秒)
[2026-04-09 16:59:53] [1801/5497] 300113.SZ - 获取成功 (1031 条)
[2026-04-09 17:02:00] 进度：1901/5497 (成功:1900 失败:0 耗时:580.3秒)
[2026-04-09 17:02:00] [1901/5497] 002524.SZ - 获取成功 (1031 条)
[2026-04-09 17:04:07] 进度：2001/5497 (成功:2000 失败:0 耗时:707.4秒)
[2026-04-09 17:04:07] [2001/5497] 300200.SZ - 获取成功 (1031 条)
[2026-04-09 17:06:14] 进度：2101/5497 (成功:2100 失败:0 耗时:834.1秒)
[2026-04-09 17:06:14] [2101/5497] 300255.SZ - 获取成功 (1031 条)
[2026-04-09 17:08:21] 进度：2201/5497 (成功:2200 失败:0 耗时:961.0秒)
[2026-04-09 17:08:21] [2201/5497] 300310.SZ - 获取成功 (1031 条)
[2026-04-09 17:10:28] 进度：2301/5497 (成功:2300 失败:0 耗时:1087.8秒)
[2026-04-09 17:10:28] [2301/5497] 603288.SH - 获取成功 (1031 条)
[2026-04-09 17:12:34] 进度：2401/5497 (成功:2400 失败:0 耗时:1214.5秒)
[2026-04-09 17:12:35] [2401/5497] 300527.SZ - 获取成功 (1030 条)
[2026-04-09 17:14:41] 进度：2501/5497 (成功:2500 失败:0 耗时:1341.2秒)
[2026-04-09 17:14:41] [2501/5497] 002735.SZ - 获取成功 (1031 条)
[2026-04-09 17:16:48] 进度：2601/5497 (成功:2600 失败:0 耗时:1468.1秒)
[2026-04-09 17:16:48] [2601/5497] 002789.SZ - 获取成功 (1030 条)
[2026-04-09 17:18:55] 进度：2701/5497 (成功:2700 失败:0 耗时:1594.7秒)
[2026-04-09 17:18:55] [2701/5497] 603169.SH - 获取成功 (1031 条)
[2026-04-09 17:21:01] 进度：2801/5497 (成功:2800 失败:0 耗时:1721.5秒)
[2026-04-09 17:21:02] [2801/5497] 300560.SZ - 获取成功 (1031 条)
[2026-04-09 17:23:09] 进度：2901/5497 (成功:2900 失败:0 耗时:1848.5秒)
[2026-04-09 17:23:09] [2901/5497] 601020.SH - 获取成功 (1026 条)
[2026-04-09 17:25:15] 进度：3001/5497 (成功:3000 失败:0 耗时:1975.2秒)
[2026-04-09 17:25:15] [3001/5497] 300583.SZ - 获取成功 (1031 条)
[2026-04-09 17:27:22] 进度：3101/5497 (成功:3100 失败:0 耗时:2101.7秒)
[2026-04-09 17:27:22] [3101/5497] 300609.SZ - 获取成功 (1028 条)
[2026-04-09 17:29:28] 进度：3201/5497 (成功:3200 失败:0 耗时:2228.3秒)
[2026-04-09 17:29:28] [3201/5497] 300761.SZ - 获取成功 (1031 条)
[2026-04-09 17:31:57] 进度：3301/5497 (成功:3300 失败:0 耗时:2376.9秒)
[2026-04-09 17:31:57] [3301/5497] 603895.SH - 获取成功 (1031 条)
[2026-04-09 17:34:11] 进度：3401/5497 (成功:3400 失败:0 耗时:2510.9秒)
[2026-04-09 17:34:11] [3401/5497] 002981.SZ - 获取成功 (1031 条)
[2026-04-09 17:36:18] 进度：3501/5497 (成功:3500 失败:0 耗时:2637.6秒)
[2026-04-09 17:36:18] [3501/5497] 001210.SZ - 获取成功 (1031 条)
[2026-04-09 17:38:24] 进度：3601/5497 (成功:3600 失败:0 耗时:2764.3秒)
[2026-04-09 17:38:24] [3601/5497] 002933.SZ - 获取成功 (1028 条)
[2026-04-09 17:40:31] 进度：3701/5497 (成功:3700 失败:0 耗时:2891.1秒)
[2026-04-09 17:40:31] [3701/5497] 688001.SH - 获取成功 (1031 条)
[2026-04-09 17:42:38] 进度：3801/5497 (成功:3800 失败:0 耗时:3017.8秒)
[2026-04-09 17:42:38] [3801/5497] 688310.SH - 获取成功 (1031 条)
[2026-04-09 17:44:44] 进度：3901/5497 (成功:3900 失败:0 耗时:3144.4秒)
[2026-04-09 17:44:44] [3901/5497] 300909.SZ - 获取成功 (1031 条)
[2026-04-09 17:46:54] 进度：4001/5497 (成功:4000 失败:0 耗时:3273.9秒)
[2026-04-09 17:46:54] [4001/5497] 300884.SZ - 获取成功 (1031 条)
[2026-04-09 17:49:00] 进度：4101/5497 (成功:4100 失败:0 耗时:3400.4秒)
[2026-04-09 17:49:00] [4101/5497] 688659.SH - 获取成功 (1031 条)
[2026-04-09 17:51:07] 进度：4201/5497 (成功:4200 失败:0 耗时:3527.1秒)
[2026-04-09 17:51:07] [4201/5497] 688075.SH - 获取成功 (1031 条)
[2026-04-09 17:53:18] 进度：4301/5497 (成功:4300 失败:0 耗时:3658.3秒)
[2026-04-09 17:53:18] [4301/5497] 300976.SZ - 获取成功 (1031 条)
[2026-04-09 17:55:25] 进度：4401/5497 (成功:4400 失败:0 耗时:3785.0秒)
[2026-04-09 17:55:25] [4401/5497] 301267.SZ - 获取成功 (829 条)
[2026-04-09 17:57:33] 进度：4501/5497 (成功:4500 失败:0 耗时:3912.8秒)
[2026-04-09 17:57:33] [4501/5497] 688343.SH - 获取成功 (729 条)
[2026-04-09 17:59:40] 进度：4601/5497 (成功:4600 失败:0 耗时:4039.7秒)
[2026-04-09 17:59:40] [4601/5497] 603209.SH - 获取成功 (979 条)
[2026-04-09 18:01:49] 进度：4701/5497 (成功:4700 失败:0 耗时:4169.3秒)
[2026-04-09 18:01:49] [4701/5497] 301115.SZ - 获取成功 (871 条)
[2026-04-09 18:03:56] 进度：4801/5497 (成功:4800 失败:0 耗时:4296.3秒)
[2026-04-09 18:03:56] [4801/5497] 301170.SZ - 获取成功 (675 条)
[2026-04-09 18:06:06] 进度：4901/5497 (成功:4900 失败:0 耗时:4426.2秒)
[2026-04-09 18:06:06] [4901/5497] 001256.SZ - 获取成功 (809 条)
[2026-04-09 18:08:14] 进度：5001/5497 (成功:5000 失败:0 耗时:4554.5秒)
[2026-04-09 18:08:15] [5001/5497] 688489.SH - 获取成功 (810 条)
[2026-04-09 18:10:21] 进度：5101/5497 (成功:5100 失败:0 耗时:4681.0秒)
[2026-04-09 18:10:21] [5101/5497] 688352.SH - 获取成功 (718 条)
[2026-04-09 18:12:27] 进度：5201/5497 (成功:5200 失败:0 耗时:4807.5秒)
[2026-04-09 18:12:28] [5201/5497] 920195.BJ - 获取成功 (899 条)
[2026-04-09 18:14:34] 进度：5301/5497 (成功:5300 失败:0 耗时:4933.6秒)
[2026-04-09 18:14:34] [5301/5497] 920837.BJ - 获取成功 (728 条)
[2026-04-09 18:16:39] 进度：5401/5497 (成功:5400 失败:0 耗时:5058.9秒)
[2026-04-09 18:16:39] [5401/5497] 301275.SZ - 获取成功 (263 条)
[2026-04-09 18:18:39] ================================================================================
[2026-04-09 18:18:39] 📊 获取完成
[2026-04-09 18:18:39] 总计：5497 只
[2026-04-09 18:18:39] 成功：5497 只
[2026-04-09 18:18:39] 失败：0 只
[2026-04-09 18:18:39] 耗时：5179.1秒 (86.3分钟)
[2026-04-09 18:18:39] 数据目录：/home/admin/.openclaw/workspace/stocks/data_history_2022_2026
[2026-04-09 18:18:39] ================================================================================
[2026-04-10 10:33:12] 已完成：5497 只股票
[2026-04-10 10:33:12] 示例：003020, 688253, 002752, 301132, 000988, 002634, 001282, 300541, 002072, 000903...
