
============================================================
V8 模型微调训练 - 方案 3 (最终版)
执行时间：2026-04-19 18:01:36
============================================================

准备最近 3 个月微调数据...
已加载 100/800 只股票...
已加载 200/800 只股票...
已加载 300/800 只股票...
已加载 400/800 只股票...
已加载 500/800 只股票...
已加载 600/800 只股票...
已加载 700/800 只股票...
已加载 800/800 只股票...

数据准备完成:
  总样本数：564,614
  最近 3 个月：46,101
  正样本比例：14.1%
  日期范围：2026-01-16 ~ 2026-04-16

加载基础模型：ml_nn_v8_model1_seed42.pkl
开始微调训练...
  样本数：46,101
  网络结构：(256, 128, 64)
  学习率：0.0005
  最大迭代：100
  实际迭代：15
  训练集准确率：85.88%
  最佳验证分数：85.86%

加载基础模型：ml_nn_v8_model2_seed123.pkl
开始微调训练...
  样本数：46,101
  网络结构：(256, 128, 64)
  学习率：0.0005
  最大迭代：100
  实际迭代：12
  训练集准确率：85.85%
  最佳验证分数：85.87%

加载基础模型：ml_nn_v8_model3_seed456.pkl
开始微调训练...
  样本数：46,101
  网络结构：(256, 128, 64)
  学习率：0.0005
  最大迭代：100
  实际迭代：14
  训练集准确率：85.88%
  最佳验证分数：85.86%

加载基础模型：ml_nn_v8_model4_seed789.pkl
开始微调训练...
  样本数：46,101
  网络结构：(256, 128, 64)
  学习率：0.0005
  最大迭代：100
  实际迭代：66
  训练集准确率：86.15%
  最佳验证分数：86.13%

加载基础模型：ml_nn_v8_model5_seed1024.pkl
开始微调训练...
  样本数：46,101
  网络结构：(256, 128, 64)
  学习率：0.0005
  最大迭代：100
  实际迭代：12
  训练集准确率：85.84%
  最佳验证分数：85.87%

============================================================
评估并保存微调模型
============================================================

--- 模型 1/5 ---

微调模型1 评估:
  预测概率范围：[0.022, 0.862]
  预测概率均值：0.116
  阈值≥0.5: 19个样本，精确率208373.7%
  阈值≥0.6: 6个样本，精确率659733.3%
  阈值≥0.7: 4个样本，精确率989600.0%
  阈值≥0.8: 1个样本，精确率3958100.0%
保存：ml_nn_v8_finetuned_model1_seed42_20260419_180305.pkl

--- 模型 2/5 ---

微调模型2 评估:
  预测概率范围：[0.004, 0.746]
  预测概率均值：0.109
  阈值≥0.5: 3个样本，精确率1319300.0%
  阈值≥0.6: 3个样本，精确率1319300.0%
  阈值≥0.7: 2个样本，精确率1978900.0%
保存：ml_nn_v8_finetuned_model2_seed123_20260419_180305.pkl

--- 模型 3/5 ---

微调模型3 评估:
  预测概率范围：[0.008, 0.903]
  预测概率均值：0.125
  阈值≥0.5: 20个样本，精确率197950.0%
  阈值≥0.6: 12个样本，精确率329916.7%
  阈值≥0.7: 5个样本，精确率791660.0%
  阈值≥0.8: 4个样本，精确率989600.0%
  阈值≥0.9: 1个样本，精确率3958100.0%
  ⭐ 高置信度 (≥90%): 1个，精确率100.0%
保存：ml_nn_v8_finetuned_model3_seed456_20260419_180305.pkl

--- 模型 4/5 ---

微调模型4 评估:
  预测概率范围：[0.000, 0.997]
  预测概率均值：0.139
  阈值≥0.5: 330个样本，精确率12034.5%
  阈值≥0.6: 177个样本，精确率22410.7%
  阈值≥0.7: 85个样本，精确率46638.8%
  阈值≥0.8: 32个样本，精确率123775.0%
  阈值≥0.9: 13个样本，精确率304561.5%
  ⭐ 高置信度 (≥90%): 13个，精确率100.0%
保存：ml_nn_v8_finetuned_model4_seed789_20260419_180305.pkl

--- 模型 5/5 ---

微调模型5 评估:
  预测概率范围：[0.034, 0.821]
  预测概率均值：0.218
  阈值≥0.5: 35个样本，精确率113065.7%
  阈值≥0.6: 13个样本，精确率304453.8%
  阈值≥0.7: 7个样本，精确率565385.7%
  阈值≥0.8: 2个样本，精确率1978900.0%
保存：ml_nn_v8_finetuned_model5_seed1024_20260419_180305.pkl

保存配置：ml_nn_v8_finetuned_config_20260419_180305.json

============================================================
✅ 微调完成
============================================================

下一步:
  1. 使用 v8_finetuned_selector.py 进行选股测试
  2. 观察高置信度样本数量和分布
  3. 如效果满意，更新实盘选股脚本
