
============================================================
V9 市场自适应模型训练
执行时间：2026-04-19 18:47:26
============================================================

优化要点:
  1. 使用最近 6 个月数据 (适应当前市场)
  2. 标签阈值：涨超 2% 即为正 (原 3%)
  3. 新增市场状态特征 (3 个)
  4. 5 模型集成提高稳定性

============================================================
准备最近 6 个月训练数据
============================================================

数据时间范围：2025-10-21 ~ 至今
已加载 100/1500 只股票...
已加载 200/1500 只股票...
已加载 300/1500 只股票...
已加载 400/1500 只股票...
已加载 500/1500 只股票...
已加载 600/1500 只股票...
已加载 700/1500 只股票...
已加载 800/1500 只股票...
已加载 900/1500 只股票...
已加载 1000/1500 只股票...
已加载 1100/1500 只股票...
已加载 1200/1500 只股票...
已加载 1300/1500 只股票...
已加载 1400/1500 只股票...
已加载 1500/1500 只股票...

数据准备完成:
  总样本数：70,550
  正样本比例：27.2%
  特征维度：31

============================================================
训练 V9 集成模型 (5 个)
============================================================

训练集：56,440 样本
验证集：14,110 样本
正样本比例：27.2%

--- 模型 1/5 (seed=42) ---
开始训练...
  训练集准确率：75.19%
  验证集准确率：74.83%
  实际迭代：62
  阈值≥0.5: 848个，精确率1245.2%
  阈值≥0.6: 524个，精确率2011.6%
  阈值≥0.7: 304个，精确率3443.8%
  阈值≥0.8: 154个，精确率6746.1%
  阈值≥0.9: 24个，精确率42920.8%

--- 模型 2/5 (seed=123) ---
开始训练...
  训练集准确率：75.92%
  验证集准确率：75.17%
  实际迭代：89
  阈值≥0.5: 1085个，精确率977.5%
  阈值≥0.6: 718个，精确率1476.2%
  阈值≥0.7: 488个，精确率2166.2%
  阈值≥0.8: 300个，精确率3492.3%
  阈值≥0.9: 135个，精确率7685.9%

--- 模型 3/5 (seed=456) ---
开始训练...
  训练集准确率：75.05%
  验证集准确率：74.75%
  实际迭代：59
  阈值≥0.5: 906个，精确率1164.1%
  阈值≥0.6: 608个，精确率1733.4%
  阈值≥0.7: 424个，精确率2478.1%
  阈值≥0.8: 269个，精确率3887.7%
  阈值≥0.9: 122个，精确率8499.2%

--- 模型 4/5 (seed=789) ---
开始训练...
  训练集准确率：75.66%
  验证集准确率：75.15%
  实际迭代：82
  阈值≥0.5: 979个，精确率1083.1%
  阈值≥0.6: 623个，精确率1698.6%
  阈值≥0.7: 397个，精确率2653.4%
  阈值≥0.8: 234个，精确率4463.7%
  阈值≥0.9: 82个，精确率12611.0%

--- 模型 5/5 (seed=1024) ---
开始训练...
  训练集准确率：75.47%
  验证集准确率：75.04%
  实际迭代：76
  阈值≥0.5: 765个，精确率1384.1%
  阈值≥0.6: 490个，精确率2147.1%
  阈值≥0.7: 326个，精确率3215.0%
  阈值≥0.8: 196个，精确率5313.8%
  阈值≥0.9: 78个，精确率13260.3%

============================================================
集成模型评估
============================================================

预测概率分布:
  最小值：0.000
  最大值：0.985
  平均值：0.258
  中位数：0.236

不同阈值性能:
  ≥0.50: 828个 (5.9%), 精确率1282.2%, 召回率15.2%
  ≥0.55: 680个 (4.8%), 精确率1560.7%, 召回率13.2%
  ≥0.60: 526个 (3.7%), 精确率2013.5%, 召回率10.9%
  ≥0.65: 440个 (3.1%), 精确率2397.5%, 召回率9.3%
  ≥0.70: 354个 (2.5%), 精确率2967.5%, 召回率7.6%
  ≥0.75: 276个 (2.0%), 精确率3790.2%, 召回率6.0%
  ≥0.80: 202个 (1.4%), 精确率5165.8%, 召回率4.7%

高置信度样本:
  ≥90%: 54个 (0.4%)
  ≥85%: 125个 (0.9%)
  ≥80%: 202个 (1.4%)
  ≥90% 精确率：96.3%

============================================================
保存模型
============================================================
保存：ml_nn_v9_model1_seed42_20260419_185442.pkl
保存：ml_nn_v9_model2_seed123_20260419_185442.pkl
保存：ml_nn_v9_model3_seed456_20260419_185442.pkl
保存：ml_nn_v9_model4_seed789_20260419_185442.pkl
保存：ml_nn_v9_model5_seed1024_20260419_185442.pkl

保存配置：ml_nn_v9_config_20260419_185442.json

============================================================
✅ V9 训练完成
============================================================

下一步:
  1. 使用 v9_selector.py 进行实盘选股测试
  2. 观察高置信度样本数量和分布
  3. 对比 V8 和 V9 的选股效果

💡 关键改进:
  - 正样本比例：27.2% (目标>25%)
  - 如仍偏低，考虑进一步降低标签阈值或使用其他策略
