
============================================================
V8 模型重新校准 - 方案 3
执行时间：2026-04-19 17:59:44
============================================================

准备最近 3 个月数据...
已加载 100/500 只股票...
已加载 200/500 只股票...
已加载 300/500 只股票...
已加载 400/500 只股票...
已加载 500/500 只股票...

数据准备完成:
  总样本数：347,616
  最近 3 个月：28,310 (8.1%)
  正样本比例：14.4%
  日期范围：2026-01-16 ~ 2026-04-16

============================================================
模型概率校准
============================================================

校准模型 1/5: ml_nn_v8_model1_seed42.pkl
  原概率范围：[0.000, 1.000]
  校准后范围：[0.000, 0.144]
  高置信度样本：0 (0.0%)

校准模型 2/5: ml_nn_v8_model2_seed123.pkl
  原概率范围：[0.000, 1.000]
  校准后范围：[0.000, 0.281]
  高置信度样本：0 (0.0%)

校准模型 3/5: ml_nn_v8_model3_seed456.pkl
  原概率范围：[0.000, 0.679]
  校准后范围：[0.000, 0.262]
  高置信度样本：0 (0.0%)

校准模型 4/5: ml_nn_v8_model4_seed789.pkl
  原概率范围：[0.000, 1.000]
  校准后范围：[0.120, 0.268]
  高置信度样本：0 (0.0%)

校准模型 5/5: ml_nn_v8_model5_seed1024.pkl
  原概率范围：[0.000, 1.000]
  校准后范围：[0.000, 0.144]
  高置信度样本：0 (0.0%)
保存校准模型 1: ml_nn_v8_calibrated_model1_seed42_20260419_180000.pkl
保存校准模型 2: ml_nn_v8_calibrated_model2_seed123_20260419_180000.pkl
保存校准模型 3: ml_nn_v8_calibrated_model3_seed456_20260419_180000.pkl
保存校准模型 4: ml_nn_v8_calibrated_model4_seed789_20260419_180000.pkl
保存校准模型 5: ml_nn_v8_calibrated_model5_seed1024_20260419_180000.pkl

保存配置文件：ml_nn_v8_calibrated_config_20260419_180000.json

============================================================
✅ 校准完成
============================================================

使用方法:
  1. 加载校准模型: ml_nn_v8_calibrated_model*_seed*_20260419_180000.pkl
  2. 预测时先调用 base_model.predict_proba(), 再用 calibrator.predict() 校准
  3. 或使用 v8_calibrated_selector.py 进行选股

💡 建议:
  - 校准后重新运行选股，观察置信度分布
  - 如效果仍不理想，考虑使用最近 3 个月数据微调训练
