================================================================================
多策略搜索训练 - 找到最优上涨策略
================================================================================
2026-04-14 22:38:49.387155

加载全量训练数据...
  batch_7.csv: 243337条
  batch_4.csv: 244091条
  batch_2.csv: 237549条
  batch_8.csv: 249327条
  batch_9.csv: 246317条
  batch_6.csv: 249026条
  batch_3.csv: 232238条
  batch_5.csv: 245889条
  batch_1.csv: 244606条
  batch_0.csv: 246034条

总样本: 2438414

特征完整性检查:
  p_ma5: missing 0 (0.00%)
  p_ma10: missing 0 (0.00%)
  p_ma20: missing 0 (0.00%)
  p_ma60: missing 0 (0.00%)
  ma5_slope: missing 0 (0.00%)
  ma10_slope: missing 0 (0.00%)
  ma20_slope: missing 0 (0.00%)
  ret1: missing 0 (0.00%)
  ret5: missing 0 (0.00%)
  ret10: missing 0 (0.00%)
  ret20: missing 0 (0.00%)
  vol5: missing 0 (0.00%)
  vol10: missing 0 (0.00%)
  vol20: missing 0 (0.00%)
  rsi: missing 0 (0.00%)
  macd_dif: missing 0 (0.00%)
  macd_dea: missing 0 (0.00%)
  macd_hist: missing 0 (0.00%)
  kdj_k: missing 0 (0.00%)
  kdj_d: missing 0 (0.00%)
  kdj_j: missing 0 (0.00%)
  vol_ratio: missing 0 (0.00%)
  vol_ratio20: missing 0 (0.00%)
  hl_pct: missing 0 (0.00%)
  hc_pct: missing 0 (0.00%)
  cl_pct: missing 0 (0.00%)
  boll_pos: missing 0 (0.00%)

================================================================================
开始多策略训练...
================================================================================

============================================================
策略: 短快_3天2% | 预测3天涨超2.0%
============================================================
