分批增量训练日志 - 2026-04-13 11:30:03.202684

============================================================
神经网络选股模型 - 分批增量训练
============================================================
发现 12 个批次文件
  batch_0.csv: 354700行
  batch_1.csv: 343700行
  batch_10.csv: 351287行
  batch_11.csv: 2194行
  batch_2.csv: 352754行
  batch_3.csv: 354078行
  batch_4.csv: 345811行
  batch_5.csv: 346626行
  batch_6.csv: 351437行
  batch_7.csv: 349329行
  batch_8.csv: 346678行
  batch_9.csv: 353892行

训练批次: 11个
测试批次: batch_9.csv

初始化标准化器...
初始化批次: 354699样本

创建神经网络模型...
初始化模型...

============================================================
开始分批增量训练
============================================================
批次 2/11: batch_1.csv | 343699样本
  训练耗时: 3.5s | 当前损失: 0.5563
批次 3/11: batch_10.csv | 351286样本
  训练耗时: 3.7s | 当前损失: 0.5538
  内存: Mem:          3.5Gi       1.3Gi       149Mi       1.0Mi       2.2Gi       2.2Gi
批次 4/11: batch_11.csv | 2193样本
  训练耗时: 0.0s | 当前损失: 0.5381
批次 5/11: batch_2.csv | 352753样本
  训练耗时: 3.7s | 当前损失: 0.5502
批次 6/11: batch_3.csv | 354077样本
  训练耗时: 3.7s | 当前损失: 0.5482
  内存: Mem:          3.5Gi       1.3Gi       141Mi       1.0Mi       2.2Gi       2.2Gi
批次 7/11: batch_4.csv | 345810样本
  训练耗时: 3.7s | 当前损失: 0.5474
批次 8/11: batch_5.csv | 346625样本
  训练耗时: 3.8s | 当前损失: 0.5526
批次 9/11: batch_6.csv | 351436样本
  训练耗时: 3.8s | 当前损失: 0.5491
  内存: Mem:          3.5Gi       1.3Gi       141Mi       1.0Mi       2.2Gi       2.2Gi
批次 10/11: batch_7.csv | 349328样本
  训练耗时: 3.8s | 当前损失: 0.5485
批次 11/11: batch_8.csv | 346677样本
  训练耗时: 3.9s | 当前损失: 0.5477

总训练样本: 3143895

============================================================
加载测试集评估
============================================================
测试集: 353891样本

评估结果:
  准确率: 0.7524
  精确率: 0.7071
  召回率: 0.0546
  F1: 0.1014
  AUC: 0.6167

阈值评估:
| 阈值 | 覆盖 | 精确率 |
| 50% | 6988 | 0.7071 |
| 55% | 5405 | 0.7469 |
| 60% | 4330 | 0.7801 |
| 65% | 3499 | 0.8165 |
| 70% | 2837 | 0.8428 |
| 75% | 2306 | 0.8777 |
| 80% | 1883 | 0.9065 |

最佳阈值: 80% (精确率: 0.9065)

模型已保存: /home/admin/.openclaw/workspace/stocks/models/ml_nn_incremental_20260413_113138.pkl
============================================================
总耗时: 1.6分钟
完成时间: 2026-04-13 11:31:38.363961
============================================================
