============================================================
神经网络选股模型 V5 - 深度增强版
============================================================
发现 5,503 只股票数据
选择 2000 只股票进行训练
已加载 400/2000 只股票，累计 296,115 条样本
已加载 800/2000 只股票，累计 597,156 条样本
已加载 1200/2000 只股票，累计 896,982 条样本
已加载 1600/2000 只股票，累计 1,195,590 条样本
已加载 2000/2000 只股票，累计 1,497,626 条样本

合并数据...
总样本数：1,497,626
正样本比例：25.4%
采样后：900,000 条 (正样本：33.3%)
准备数据...
特征矩阵：(900000, 18)
特征内存：61.8MB
训练集：720,000
测试集：180,000
标准化...
============================================================
训练深度神经网络...
============================================================
Iteration 1, loss = 0.62139920
Validation score: 0.677375
Iteration 2, loss = 0.61416354
Validation score: 0.681694
Iteration 3, loss = 0.61127304
Validation score: 0.683764
Iteration 4, loss = 0.60915945
Validation score: 0.685014
Iteration 5, loss = 0.60738927
Validation score: 0.684014
Iteration 6, loss = 0.60587107
Validation score: 0.686292
Iteration 7, loss = 0.60445702
Validation score: 0.686472
Iteration 8, loss = 0.60323220
Validation score: 0.686833
Iteration 9, loss = 0.60214805
Validation score: 0.688722
Iteration 10, loss = 0.60098051
Validation score: 0.688472
Iteration 11, loss = 0.59984640
Validation score: 0.687278
Iteration 12, loss = 0.59892132
Validation score: 0.688903
Iteration 13, loss = 0.59794981
Validation score: 0.689139
Iteration 14, loss = 0.59698471
Validation score: 0.689764
Iteration 15, loss = 0.59601957
Validation score: 0.691097
Iteration 16, loss = 0.59512915
Validation score: 0.688736
Iteration 17, loss = 0.59418192
Validation score: 0.688208
Iteration 18, loss = 0.59336805
Validation score: 0.690569
Iteration 19, loss = 0.59257788
Validation score: 0.689458
Iteration 20, loss = 0.59167119
Validation score: 0.689736
Iteration 21, loss = 0.59101477
Validation score: 0.687681
Iteration 22, loss = 0.59031495
Validation score: 0.688069
Iteration 23, loss = 0.58951268
Validation score: 0.687458
Iteration 24, loss = 0.58895069
Validation score: 0.689042
Iteration 25, loss = 0.58793141
Validation score: 0.688931
Iteration 26, loss = 0.58727911
Validation score: 0.690028
Iteration 27, loss = 0.58658329
Validation score: 0.688736
Iteration 28, loss = 0.58598082
Validation score: 0.687514
Iteration 29, loss = 0.58547976
Validation score: 0.688319
Iteration 30, loss = 0.58463697
Validation score: 0.688514
Iteration 31, loss = 0.58410037
Validation score: 0.688944
Validation score did not improve more than tol=0.000100 for 15 consecutive epochs. Stopping.

训练完成：370s
迭代次数：31
最终损失：0.5841
============================================================
评估结果
============================================================
准确率：0.6896
精确率：0.6507
召回率：0.1485
F1: 0.2419
AUC: 0.6315

| 阈值 | 覆盖 | 精确率 |
| 50% | 13697 | 0.6507 |
| 55% | 9845 | 0.7094 |
| 60% | 7476 | 0.7673 |
| 65% | 5918 | 0.8089 |
| 70% | 4821 | 0.8428 |
| 75% | 3943 | 0.8793 |
| 80% | 3186 | 0.9109 |
| 85% | 2532 | 0.9372 |
| 90% | 1847 | 0.9648 |

最佳阈值：90% (精确率：0.9648)

模型已保存：/Users/taopeng/.openclaw/workspace/stocks/models/ml_nn_v5_20260417_233234.pkl
============================================================
总耗时：428s
完成时间：2026-04-17 23:32:34.424999
============================================================
