============================================================
V7 快速版 - 36特征测试
============================================================
2026-04-14 15:11:48.304637
特征总数: 32

加载测试数据...
测试样本: 249327

==================================================
V7_小网络: (256, 128) LR=0.003
==================================================
  轮1: AUC=0.6492 精确率@90=0.9618
    ★ 新最佳!
  轮2: AUC=0.6552 精确率@90=0.9630
    ★ 新最佳!

==================================================
V7_中网络: (512, 256) LR=0.002
==================================================
  轮1: AUC=0.6495 精确率@90=0.9621
  轮2: AUC=0.6572 精确率@90=0.9529
    ★ 新最佳!

==================================================
V7_深网络: (300, 150, 75) LR=0.002
==================================================
  轮1: AUC=0.6489 精确率@90=0.9509
  轮2: AUC=0.6572 精确率@90=0.9546

============================================================
保存模型...
最佳: AUC=0.6572 精确率@90=0.9529
特征数: 32
保存: models/ml_nn_v7_quick.pkl

对比: 生产AUC=0.6350 vs V7=0.6572
★ 超越生产模型! 更新...
✅ 已更新!

汇总:
| 配置 | AUC | 精确率@90 | 时间 |
| V7_小网络 | 0.6552 | 0.9630 | 240s |
| V7_中网络 | 0.6572 | 0.9529 | 705s |
| V7_深网络 | 0.6572 | 0.9546 | 509s |

完成: 2026-04-14 15:36:06.329690
