======================================================================
神经网络全量训练 - 折中优化版本
======================================================================
总股票数: 5503
折中优化: 网络64-32, 学习率0.005, 每批迭代10次

批次 1/12: 加载股票 1-500...
  样本: 268060, 股票: 495, 加载: 36.4s, 训练: 8.1s

批次 2/12: 加载股票 501-1000...
  样本: 268937, 股票: 498, 加载: 36.4s, 训练: 10.4s

批次 3/12: 加载股票 1001-1500...
  样本: 273120, 股票: 500, 加载: 55.6s, 训练: 2.2s

批次 4/12: 加载股票 1501-2000...
  样本: 272868, 股票: 500, 加载: 52.6s, 训练: 1.4s

批次 5/12: 加载股票 2001-2500...
  样本: 272997, 股票: 500, 加载: 37.8s, 训练: 1.7s

批次 6/12: 加载股票 2501-3000...
  样本: 250016, 股票: 492, 加载: 51.4s, 训练: 1.7s

批次 7/12: 加载股票 3001-3500...
  样本: 272865, 股票: 500, 加载: 38.1s, 训练: 2.8s

批次 8/12: 加载股票 3501-4000...
  样本: 268763, 股票: 499, 加载: 52.6s, 训练: 18.4s

批次 9/12: 加载股票 4001-4500...
  样本: 261873, 股票: 495, 加载: 60.0s, 训练: 20.3s

批次 10/12: 加载股票 4501-5000...
  样本: 272504, 股票: 500, 加载: 57.1s, 训练: 3.5s

批次 11/12: 加载股票 5001-5500...
  样本: 232107, 股票: 461, 加载: 32.4s, 训练: 1.7s

批次 12/12: 加载股票 5501-5503...
  样本: 1094, 股票: 2, 加载: 0.1s, 训练: 0.0s

训练汇总:
  总股票: 5442
  总样本: 2915204
  测试样本: 583045
  总耗时: 583.7s

最终评估（测试集）:
  AUC: 0.6069
  P@0.6: 0.7472 (8868股)
  P@0.7: 0.8056 (6380股)
  P@0.8: 0.8694 (4348股)
  P@0.85: 0.9008 (3457股)
  P@0.9: 0.9304 (2529股)

保存: ml_nn_full_balanced_20260417_1338.pkl
======================================================================
