============================================================
神经网络选股模型 V6 - 继续训练模型 3-5 (小规模版)
============================================================
准备训练数据 (小规模版)...
发现 5,503 只股票数据
选择 1000 只股票进行训练
已加载 200/1000 只股票，累计 151,012 条样本
已加载 400/1000 只股票，累计 301,217 条样本
已加载 600/1000 只股票，累计 451,654 条样本
已加载 800/1000 只股票，累计 603,547 条样本
已加载 1000/1000 只股票，累计 755,139 条样本

合并数据...
总样本数：755,139
正样本比例：25.5%
采样后：500,000 条 (正样本：34.0%)
特征矩阵：(500000, 15)
特征内存：28.6MB
训练集：340,000
验证集：60,000
测试集：100,000
标准化...
临时数据已保存到：/Users/taopeng/.openclaw/workspace/stocks/models/temp_v6_small
============================================================
分批训练模型 3/4/5...
============================================================
✅ 模型1 已存在：ml_nn_v6_model1_seed42.pkl
✅ 模型2 已存在：ml_nn_v6_model2_seed123.pkl

加载数据...
训练模型 3 (seed=456)...
  模型3: AUC=0.6242, 迭代=52
  模型已保存：/Users/taopeng/.openclaw/workspace/stocks/models/ml_nn_v6_model3_seed456.pkl
模型 3/5 完成，AUC=0.6242

加载数据...
训练模型 4 (seed=789)...
  模型4: AUC=0.6243, 迭代=52
  模型已保存：/Users/taopeng/.openclaw/workspace/stocks/models/ml_nn_v6_model4_seed789.pkl
模型 4/5 完成，AUC=0.6243

加载数据...
训练模型 5 (seed=1024)...
  模型5: AUC=0.6250, 迭代=56
  模型已保存：/Users/taopeng/.openclaw/workspace/stocks/models/ml_nn_v6_model5_seed1024.pkl
模型 5/5 完成，AUC=0.6250

5 个模型训练完成!
模型文件:
  - ml_nn_v6_model1_seed42.pkl
  - ml_nn_v6_model2_seed123.pkl
  - ml_nn_v6_model3_seed456.pkl
  - ml_nn_v6_model4_seed789.pkl
  - ml_nn_v6_model5_seed1024.pkl

============================================================
评估集成模型...
============================================================

集成模型评估:
准确率：0.6844
精确率：0.7154
召回率：0.1191
F1: 0.2042
AUC: 0.6354
单模型 AUC: ['0.6246', '0.6237', '0.6242', '0.6243', '0.6250']
平均 AUC: 0.6243 ± 0.0004

| 阈值 | 覆盖 | 精确率 |
| 50% | 5660 | 0.7154 |
| 55% | 4054 | 0.7753 |
| 60% | 3066 | 0.8304 |
| 65% | 2384 | 0.8712 |
| 70% | 1917 | 0.9004 |
| 75% | 1527 | 0.9267 |
| 80% | 1219 | 0.9401 |
| 85% | 916 | 0.9629 |
| 90% | 662 | 0.9758 |

最佳阈值：90% (精确率：0.9758)

集成配置已保存：/Users/taopeng/.openclaw/workspace/stocks/models/ml_nn_v6_ensemble_config_20260418_010439.json

清理临时文件...
临时目录已删除：/Users/taopeng/.openclaw/workspace/stocks/models/temp_v6_small
============================================================
总耗时：556s
完成时间：2026-04-18 01:04:39.454001
============================================================
