训练日志 V5 - 2026-04-17 23:25:26.731717

============================================================
神经网络选股模型 V5 - 深度增强版
============================================================
发现 5,503 只股票数据
选择 2000 只股票进行训练
已加载 400/2000 只股票，累计 296,115 条样本
已加载 800/2000 只股票，累计 597,156 条样本
已加载 1200/2000 只股票，累计 896,982 条样本
已加载 1600/2000 只股票，累计 1,195,590 条样本
已加载 2000/2000 只股票，累计 1,497,626 条样本

合并数据...
总样本数：1,497,626
正样本比例：25.4%
采样后：900,000 条 (正样本：33.3%)
准备数据...
特征矩阵：(900000, 18)
特征内存：61.8MB
训练集：720,000
测试集：180,000
标准化...
============================================================
训练深度神经网络...
============================================================

训练完成：370s
迭代次数：31
最终损失：0.5841
============================================================
评估结果
============================================================
准确率：0.6896
精确率：0.6507
召回率：0.1485
F1: 0.2419
AUC: 0.6315

| 阈值 | 覆盖 | 精确率 |
| 50% | 13697 | 0.6507 |
| 55% | 9845 | 0.7094 |
| 60% | 7476 | 0.7673 |
| 65% | 5918 | 0.8089 |
| 70% | 4821 | 0.8428 |
| 75% | 3943 | 0.8793 |
| 80% | 3186 | 0.9109 |
| 85% | 2532 | 0.9372 |
| 90% | 1847 | 0.9648 |

最佳阈值：90% (精确率：0.9648)

模型已保存：/Users/taopeng/.openclaw/workspace/stocks/models/ml_nn_v5_20260417_233234.pkl
============================================================
总耗时：428s
完成时间：2026-04-17 23:32:34.424999
============================================================
