======================================================================
神经网络增量训练 - 全量5500股（采样策略）
======================================================================
总股票数: 5503
策略: 每500股一批，每隔3天采样（数据量减少2/3）

批次 1/12: 加载股票 1-500...
  样本: 89637, 股票: 495, 加载: 13.5s, 训练: 0.8s

批次 2/12: 加载股票 501-1000...
  样本: 89938, 股票: 498, 加载: 13.6s, 训练: 0.8s

批次 3/12: 加载股票 1001-1500...
  样本: 91338, 股票: 500, 加载: 13.8s, 训练: 0.8s

批次 4/12: 加载股票 1501-2000...
  样本: 91248, 股票: 500, 加载: 14.8s, 训练: 0.9s

批次 5/12: 加载股票 2001-2500...
  样本: 91308, 股票: 500, 加载: 13.7s, 训练: 0.5s

批次 6/12: 加载股票 2501-3000...
  样本: 83557, 股票: 492, 加载: 12.8s, 训练: 0.3s

批次 7/12: 加载股票 3001-3500...
  样本: 91249, 股票: 500, 加载: 14.2s, 训练: 0.8s

批次 8/12: 加载股票 3501-4000...
  样本: 89884, 股票: 499, 加载: 14.5s, 训练: 0.8s

批次 9/12: 加载股票 4001-4500...
  样本: 87572, 股票: 495, 加载: 13.5s, 训练: 0.7s

批次 10/12: 加载股票 4501-5000...
  样本: 91123, 股票: 500, 加载: 14.9s, 训练: 1.3s

批次 11/12: 加载股票 5001-5500...
  样本: 77577, 股票: 461, 加载: 17.7s, 训练: 0.7s

批次 12/12: 加载股票 5501-5503...
  样本: 366, 股票: 2, 加载: 0.1s, 训练: 0.0s

训练汇总:
  总股票: 5442
  总样本: 974797
  总耗时: 165.4s

评估（使用最后一批数据）:
  AUC: 0.6013
  P@0.7: 1.0000 (5股)
  P@0.8: 1.0000 (3股)
  P@0.85: 1.0000 (2股)
  P@0.9: 1.0000 (1股)

保存: ml_nn_full_incremental_20260417_0959.pkl
======================================================================
