======================================================================
神经网络全量训练 - 不采样版本（约2.9百万样本）
======================================================================
总股票数: 5503
策略: 每500股一批，全量数据，增量训练

批次 1/12: 加载股票 1-500...
  样本: 268060, 股票: 495, 加载: 36.0s, 训练: 1.1s

批次 2/12: 加载股票 501-1000...
  样本: 268937, 股票: 498, 加载: 36.9s, 训练: 1.1s

批次 3/12: 加载股票 1001-1500...
  样本: 273120, 股票: 500, 加载: 36.8s, 训练: 1.1s

批次 4/12: 加载股票 1501-2000...
  样本: 272868, 股票: 500, 加载: 37.4s, 训练: 1.1s

批次 5/12: 加载股票 2001-2500...
  样本: 272997, 股票: 500, 加载: 41.0s, 训练: 1.7s

批次 6/12: 加载股票 2501-3000...
  样本: 250016, 股票: 492, 加载: 37.8s, 训练: 1.0s

批次 7/12: 加载股票 3001-3500...
  样本: 272865, 股票: 500, 加载: 37.6s, 训练: 1.1s

批次 8/12: 加载股票 3501-4000...
  样本: 268763, 股票: 499, 加载: 37.1s, 训练: 1.0s

批次 9/12: 加载股票 4001-4500...
  样本: 261873, 股票: 495, 加载: 48.3s, 训练: 1.1s

批次 10/12: 加载股票 4501-5000...
  样本: 272504, 股票: 500, 加载: 37.2s, 训练: 1.0s

批次 11/12: 加载股票 5001-5500...
  样本: 232107, 股票: 461, 加载: 37.5s, 训练: 1.5s

批次 12/12: 加载股票 5501-5503...
  样本: 1094, 股票: 2, 加载: 0.2s, 训练: 0.0s

训练汇总:
  总股票: 5442
  总样本: 2915204
  测试样本: 583045
  总耗时: 437.6s

最终评估（测试集）:
  AUC: 0.5000
  P@0.6: 0.0000 (0股)
  P@0.7: 0.0000 (0股)
  P@0.8: 0.0000 (0股)
  P@0.85: 0.0000 (0股)
  P@0.9: 0.0000 (0股)

保存: ml_nn_full_nosample_20260417_1010.pkl
======================================================================
