============================================================
V8 继续训练 - 内存优化版
============================================================
选择 1200 只股票
已加载 200/1200 只股票
已加载 400/1200 只股票
已加载 600/1200 只股票
已加载 800/1200 只股票
已加载 1000/1200 只股票
已加载 1200/1200 只股票

合并数据...
总样本数：846,932
采样后：500,000 条
特征矩阵：(500000, 28) (53.4MB)
训练集：350,000
验证集：75,000
测试集：75,000
标准化...
临时数据：/Users/taopeng/.openclaw/workspace/stocks/models/temp_v8_continue
============================================================
训练模型 4 和 5...
============================================================

加载数据...
训练模型 4 (seed=789)...
  AUC=0.6737, 迭代=43
  已保存：ml_nn_v8_model4_seed789.pkl

加载数据...
训练模型 5 (seed=1024)...
  AUC=0.6715, 迭代=41
  已保存：ml_nn_v8_model5_seed1024.pkl

>>>>>>>>>>>>>>>>>>>>>>>>>>>>>>>>>>>>>>>>>>>>>>>>>>>>>>>>>>>>
训练完成！
模型 4 AUC: 0.6737
模型 5 AUC: 0.6715
平均 AUC: 0.6726
总耗时：301s
============================================================

清理临时文件...
已删除：/Users/taopeng/.openclaw/workspace/stocks/models/temp_v8_continue
