======================================================================
神经网络全量训练 - 超深网络版本
======================================================================
总股票数: 5503
超深网络: 128-64-32, 学习率0.005, 每批迭代10次

批次 1/12: 加载股票 1-500...
  样本: 268060, 股票: 495, 加载: 34.8s, 训练: 19.8s

批次 2/12: 加载股票 501-1000...
  样本: 268937, 股票: 498, 加载: 66.9s, 训练: 28.9s

批次 3/12: 加载股票 1001-1500...
  样本: 273120, 股票: 500, 加载: 73.9s, 训练: 7.2s

批次 4/12: 加载股票 1501-2000...
  样本: 272868, 股票: 500, 加载: 63.8s, 训练: 6.0s

批次 5/12: 加载股票 2001-2500...
  样本: 272997, 股票: 500, 加载: 57.7s, 训练: 8.7s

批次 6/12: 加载股票 2501-3000...
  样本: 250016, 股票: 492, 加载: 57.6s, 训练: 8.9s

批次 7/12: 加载股票 3001-3500...
  样本: 272865, 股票: 500, 加载: 62.7s, 训练: 9.4s

批次 8/12: 加载股票 3501-4000...
