优化测试 - 2026-04-13 14:11:36.337206

============================================================
神经网络选股模型 - 优化版测试
============================================================
训练批次: 10 | 测试: batch_8.csv
============================================================
配置: 超大网络
  网络: (512, 256, 128) | LR: 0.0005 | 特征: 14
============================================================
结果: 时间=923s | AUC=0.6350 | 精确率=0.7024
最佳阈值: 90% -> 0.9505
已保存: /home/admin/.openclaw/workspace/stocks/models/ml_nn_opt_超大网络_20260413_142659.pkl

============================================================
配置: 超低学习率
  网络: (256, 128, 64) | LR: 0.0001 | 特征: 14
============================================================
结果: 时间=529s | AUC=0.6281 | 精确率=0.7153
最佳阈值: 90% -> 0.9590

============================================================
配置: 极致深度
  网络: (64, 64, 64, 64, 32) | LR: 0.001 | 特征: 14
============================================================
结果: 时间=243s | AUC=0.6280 | 精确率=0.6931
最佳阈值: 90% -> 0.9456

============================================================
配置: 特征V2
  网络: (256, 128, 64) | LR: 0.001 | 特征: 12
============================================================
结果: 时间=356s | AUC=0.6330 | 精确率=0.6896
最佳阈值: 90% -> 0.9418
已保存: /home/admin/.openclaw/workspace/stocks/models/ml_nn_opt_特征V2_20260413_144547.pkl

============================================================
配置: 特征V3
  网络: (128, 64) | LR: 0.002 | 特征: 11
============================================================
结果: 时间=251s | AUC=0.6285 | 精确率=0.7090
最佳阈值: 90% -> 0.9441

============================================================
配置: 快速配置
  网络: (100, 50) | LR: 0.005 | 特征: 12
============================================================
