============================================================
神经网络选股模型 V4 - 简化增强版
============================================================
发现 5,503 只股票数据
选择 1500 只股票进行训练
已加载 300/1500 只股票，累计 224,299 条样本
已加载 600/1500 只股票，累计 451,645 条样本
已加载 900/1500 只股票，累计 676,540 条样本
已加载 1200/1500 只股票，累计 900,848 条样本
已加载 1500/1500 只股票，累计 1,128,087 条样本

合并数据...
总样本数：1,128,087
正样本比例：25.5%
采样后：600,000 条 (正样本：33.3%)
准备数据...
特征矩阵：(600000, 12)
特征内存：27.5MB
训练集：480,000
测试集：120,000
标准化...
============================================================
训练神经网络...
============================================================
Traceback (most recent call last):
  File "/Users/taopeng/.openclaw/workspace/stocks/ml_train_neural_v4.py", line 317, in <module>
    main()
  File "/Users/taopeng/.openclaw/workspace/stocks/ml_train_neural_v4.py", line 237, in main
    model = MLPClassifier(
TypeError: __init__() got an unexpected keyword argument 'class_weight'
