============================================================
神经网络选股模型 V7 - 精简版 (内存优化)
============================================================

准备训练数据...
发现 5,503 只股票数据
选择 1000 只股票进行训练
已加载 200/1000 只股票，累计 141,166 条样本
已加载 400/1000 只股票，累计 281,452 条样本
已加载 600/1000 只股票，累计 425,334 条样本
已加载 800/1000 只股票，累计 564,759 条样本
已加载 1000/1000 只股票，累计 705,825 条样本

合并数据...
总样本数：705,825
正样本比例：16.8%
采样后：568,234 条 (正样本：20.8%)
特征矩阵：(568234, 20)
特征内存：43.4MB
训练集：386,398
验证集：68,189
测试集：113,647
标准化...
临时数据已保存到：/Users/taopeng/.openclaw/workspace/stocks/models/temp_v7_lite
============================================================
分批训练 5 个模型...
============================================================

加载数据...
训练模型 1 (seed=42)...
  模型1: AUC=0.6637, 迭代=68
  模型已保存：/Users/taopeng/.openclaw/workspace/stocks/models/ml_nn_v7_lite_model1_seed42.pkl
模型 1/5 完成，AUC=0.6637

加载数据...
训练模型 2 (seed=123)...
  模型2: AUC=0.6615, 迭代=87
  模型已保存：/Users/taopeng/.openclaw/workspace/stocks/models/ml_nn_v7_lite_model2_seed123.pkl
模型 2/5 完成，AUC=0.6615

加载数据...
训练模型 3 (seed=456)...
  模型3: AUC=0.6632, 迭代=65
  模型已保存：/Users/taopeng/.openclaw/workspace/stocks/models/ml_nn_v7_lite_model3_seed456.pkl
模型 3/5 完成，AUC=0.6632

加载数据...
训练模型 4 (seed=789)...
  模型4: AUC=0.6607, 迭代=66
  模型已保存：/Users/taopeng/.openclaw/workspace/stocks/models/ml_nn_v7_lite_model4_seed789.pkl
模型 4/5 完成，AUC=0.6607

加载数据...
训练模型 5 (seed=1024)...
  模型5: AUC=0.6583, 迭代=62
  模型已保存：/Users/taopeng/.openclaw/workspace/stocks/models/ml_nn_v7_lite_model5_seed1024.pkl
模型 5/5 完成，AUC=0.6583

5 个模型训练完成!
模型文件:
  - ml_nn_v7_lite_model1_seed42.pkl
  - ml_nn_v7_lite_model2_seed123.pkl
  - ml_nn_v7_lite_model3_seed456.pkl
  - ml_nn_v7_lite_model4_seed789.pkl
  - ml_nn_v7_lite_model5_seed1024.pkl

============================================================
评估集成模型...
============================================================

集成模型评估:
准确率：0.8024
精确率：0.7295
召回率：0.0801
F1: 0.1443
AUC: 0.6754
单模型 AUC: ['0.6637', '0.6615', '0.6632', '0.6607', '0.6583']
平均 AUC: 0.6615 ± 0.0020

| 阈值 | 覆盖 | 精确率 |
| 50% | 2595 | 0.7295 |
| 55% | 2024 | 0.7787 |
| 60% | 1658 | 0.8203 |
| 65% | 1388 | 0.8494 |
| 70% | 1183 | 0.8842 |
| 75% | 994 | 0.9115 |
| 80% | 837 | 0.9450 |
| 85% | 700 | 0.9671 |
| 90% | 569 | 0.9772 |

最佳阈值：90% (精确率：0.9772)

集成配置已保存：/Users/taopeng/.openclaw/workspace/stocks/models/ml_nn_v7_lite_ensemble_config_20260418_102757.json

清理临时文件...
临时目录已删除：/Users/taopeng/.openclaw/workspace/stocks/models/temp_v7_lite
============================================================
总耗时：710s
完成时间：2026-04-18 10:27:57.328975
============================================================
