============================================================
神经网络选股模型 V8 - 组合优化版
============================================================

准备训练数据...
发现 5,503 只股票数据
选择 1500 只股票进行训练
已加载 250/1500 只股票，累计 174,743 条样本
已加载 500/1500 只股票，累计 351,228 条样本
已加载 750/1500 只股票，累计 527,822 条样本
已加载 1000/1500 只股票，累计 706,370 条样本
已加载 1250/1500 只股票，累计 884,507 条样本
已加载 1500/1500 只股票，累计 1,060,550 条样本

合并数据...
总样本数：1,060,550
正样本比例：16.8%
采样后：700,000 条 (正样本：25.0%)
清理异常值...
特征矩阵：(700000, 28)
特征维度：28 (V7: 20 维 → V8: 28 维)
特征内存：74.8MB
训练集：476,000
验证集：84,000
测试集：140,000
标准化...
临时数据已保存到：/Users/taopeng/.openclaw/workspace/stocks/models/temp_v8
============================================================
分批训练 5 个模型...
============================================================

加载数据...
训练模型 1 (seed=42)...
  模型1: AUC=0.6765, 迭代=42
  模型已保存：/Users/taopeng/.openclaw/workspace/stocks/models/ml_nn_v8_model1_seed42.pkl
模型 1/5 完成，AUC=0.6765

加载数据...
训练模型 2 (seed=123)...
  模型2: AUC=0.6767, 迭代=45
  模型已保存：/Users/taopeng/.openclaw/workspace/stocks/models/ml_nn_v8_model2_seed123.pkl
模型 2/5 完成，AUC=0.6767

加载数据...
训练模型 3 (seed=456)...
  模型3: AUC=0.6769, 迭代=44
  模型已保存：/Users/taopeng/.openclaw/workspace/stocks/models/ml_nn_v8_model3_seed456.pkl
模型 3/5 完成，AUC=0.6769

加载数据...
训练模型 4 (seed=789)...
