V5快速版 - 2026-04-13 16:26:15.894242
==================================================
神经网络 V5 快速突破版
目标: 10分钟完成6配置
==================================================
训练批次: 6 | 测试: batch_8.csv
==================================================
V5_快宽: (256, 128) LR=0.003 α=0.01
==================================================
时间=172s AUC=0.6194  精确率@90=0.9474
==================================================
V5_快深: (128, 64, 32) LR=0.005 α=0.005
==================================================
时间=98s AUC=0.6187  精确率@90=0.9315
==================================================
V5_中正则: (200, 100) LR=0.002 α=0.02
==================================================
时间=115s AUC=0.6192  精确率@90=0.9669
==================================================
V5_高LR: (150, 75) LR=0.01 α=0.01
==================================================
时间=96s AUC=0.6138  精确率@90=0.9479
==================================================
V5_密集快: (100, 100, 50) LR=0.004 α=0.008
==================================================
时间=106s AUC=0.6166  精确率@90=0.9547
==================================================
V5_最小: (64, 32) LR=0.008 α=0.015
==================================================
时间=68s AUC=0.6151  精确率@90=0.9535

结果汇总:
| 配置 | AUC | 精确率@90 | 时间 | 突破 |
| V5_快宽 | 0.6194 | 0.9474 | 172s |  |
| V5_中正则 | 0.6192 | 0.9669 | 115s |  |
| V5_快深 | 0.6187 | 0.9315 | 98s |  |
| V5_密集快 | 0.6166 | 0.9547 | 106s |  |
| V5_最小 | 0.6151 | 0.9535 | 68s |  |
| V5_高LR | 0.6138 | 0.9479 | 96s |  |

最佳: V5_快宽 AUC=0.6194

完成: 2026-04-13 16:37:11.312768
