训练日志 V4 - 2026-04-17 22:51:44.924877

============================================================
神经网络选股模型 V4 - 简化增强版
============================================================
发现 5,503 只股票数据
选择 1500 只股票进行训练
已加载 300/1500 只股票，累计 224,718 条样本
已加载 600/1500 只股票，累计 450,605 条样本
已加载 900/1500 只股票，累计 676,567 条样本
已加载 1200/1500 只股票，累计 897,857 条样本
已加载 1500/1500 只股票，累计 1,122,100 条样本

合并数据...
总样本数：1,122,100
正样本比例：25.5%
采样后：600,000 条 (正样本：33.3%)
准备数据...
特征矩阵：(600000, 12)
特征内存：27.5MB
训练集：480,000
测试集：120,000
标准化...
============================================================
训练神经网络...
============================================================

训练完成：259s
迭代次数：38
最终损失：0.6011
============================================================
评估结果
============================================================
准确率：0.6860
精确率：0.6512
召回率：0.1252
F1: 0.2100
AUC: 0.6214

| 阈值 | 覆盖 | 精确率 |
| 50% | 7689 | 0.6512 |
| 55% | 5554 | 0.7029 |
| 60% | 4307 | 0.7448 |
| 65% | 3405 | 0.7815 |
| 70% | 2785 | 0.8251 |
| 75% | 2301 | 0.8644 |
| 80% | 1884 | 0.8938 |
| 85% | 1537 | 0.9278 |
| 90% | 1169 | 0.9521 |

最佳阈值：90% (精确率：0.9521)

模型已保存：/Users/taopeng/.openclaw/workspace/stocks/models/ml_nn_v4_20260417_225658.pkl
============================================================
总耗时：313s
完成时间：2026-04-17 22:56:58.394969
============================================================
