======================================================================
神经网络全量训练 - 极低学习率版本
======================================================================
总股票数: 5503
极低学习率: 128-64-32, LR=0.001, 每批迭代15次

批次 1/12: 加载股票 1-500...
  样本: 268060, 股票: 495, 加载: 35.8s, 训练: 45.9s

批次 2/12: 加载股票 501-1000...
  样本: 268937, 股票: 498, 加载: 56.3s, 训练: 47.7s

批次 3/12: 加载股票 1001-1500...
  样本: 273120, 股票: 500, 加载: 68.0s, 训练: 4.5s

批次 4/12: 加载股票 1501-2000...
  样本: 272868, 股票: 500, 加载: 57.8s, 训练: 4.8s

批次 5/12: 加载股票 2001-2500...
  样本: 272997, 股票: 500, 加载: 61.9s, 训练: 5.9s

批次 6/12: 加载股票 2501-3000...
  样本: 250016, 股票: 492, 加载: 57.1s, 训练: 5.4s

批次 7/12: 加载股票 3001-3500...
  样本: 272865, 股票: 500, 加载: 55.5s, 训练: 3.6s

批次 8/12: 加载股票 3501-4000...
