多配置测试日志 - 2026-04-13 13:43:36.615937

============================================================
神经网络选股模型 - 多配置测试
============================================================
训练批次: 10个
测试批次: batch_8.csv
测试配置数: 6
============================================================
配置: 大网络全特征
  网络: (256, 128, 64)
  学习率: 0.001
  特征数: 14
============================================================

结果:
  时间: 391.7s
  AUC: 0.6318
  精确率(70%阈值): 0.7051
  最佳阈值: 85% -> 0.9279

============================================================
配置: 深层网络
  网络: (128, 64, 32, 16)
  学习率: 0.002
  特征数: 14
============================================================

结果:
  时间: 213.8s
  AUC: 0.6271
  精确率(70%阈值): 0.6870
  最佳阈值: 85% -> 0.9270

============================================================
配置: 宽网络
  网络: (200, 100)
  学习率: 0.002
  特征数: 14
============================================================

结果:
  时间: 256.3s
  AUC: 0.6273
  精确率(70%阈值): 0.7053
  最佳阈值: 85% -> 0.9222

============================================================
配置: 高学习率
  网络: (128, 64, 32)
  学习率: 0.01
  特征数: 14
============================================================

结果:
  时间: 217.1s
  AUC: 0.6133
  精确率(70%阈值): 0.6714
  最佳阈值: 85% -> 0.9164

============================================================
配置: 低学习率
  网络: (128, 64, 32)
  学习率: 0.0005
  特征数: 14
============================================================

结果:
  时间: 224.3s
  AUC: 0.6305
  精确率(70%阈值): 0.7062
  最佳阈值: 85% -> 0.9366

============================================================
配置: 核心特征
  网络: (64, 32)
  学习率: 0.002
  特征数: 8
============================================================

结果:
  时间: 135.3s
  AUC: 0.6083
  精确率(70%阈值): 0.7107
  最佳阈值: 85% -> 0.9371

============================================================
结果汇总
============================================================
| 配置 | 网络 | 特征 | 时间 | AUC | 最佳精确率 |
|------|------|------|------|-----|-----------|
| 大网络全特征 | 256-128-64 | 14 | 392s | 0.6318 | 0.9279 |
| 低学习率 | 128-64-32 | 14 | 224s | 0.6305 | 0.9366 |
| 宽网络 | 200-100 | 14 | 256s | 0.6273 | 0.9222 |
| 深层网络 | 128-64-32-16 | 14 | 214s | 0.6271 | 0.9270 |
| 高学习率 | 128-64-32 | 14 | 217s | 0.6133 | 0.9164 |
| 核心特征 | 64-32 | 8 | 135s | 0.6083 | 0.9371 |

最佳配置: 大网络全特征 (AUC=0.6318)

完成时间: 2026-04-13 14:07:35.488519
