训练日志 V6 - 2026-04-17 23:50:16.667660

============================================================
神经网络选股模型 V6 - 集成学习版
============================================================
发现 5,503 只股票数据
选择 2000 只股票进行训练
已加载 400/2000 只股票，累计 300,601 条样本
已加载 800/2000 只股票，累计 601,233 条样本
已加载 1200/2000 只股票，累计 904,690 条样本
已加载 1600/2000 只股票，累计 1,207,767 条样本
已加载 2000/2000 只股票，累计 1,508,180 条样本

合并数据...
总样本数：1,508,180
正样本比例：25.3%
采样后：900,000 条 (正样本：33.3%)
准备数据...
特征矩阵：(900000, 15)
特征内存：51.5MB
训练集：612,000
验证集：108,000
测试集：180,000
标准化...
============================================================
训练集成模型 (5 个)...
============================================================

训练模型 1/5 (seed=42)...
  模型1: AUC=0.6295, 迭代=52

训练模型 2/5 (seed=123)...
