============================================================
神经网络选股模型 V6 - 分批训练版
============================================================
准备训练数据...
发现 5,503 只股票数据
选择 1500 只股票进行训练
已加载 300/1500 只股票，累计 227,064 条样本
已加载 600/1500 只股票，累计 453,276 条样本
已加载 900/1500 只股票，累计 675,500 条样本
已加载 1200/1500 只股票，累计 902,286 条样本
已加载 1500/1500 只股票，累计 1,128,254 条样本

合并数据...
总样本数：1,128,254
正样本比例：25.1%
采样后：750,000 条 (正样本：33.3%)
特征矩阵：(750000, 15)
特征内存：42.9MB
训练集：510,000
验证集：90,000
测试集：150,000
标准化...
临时数据已保存到：/Users/taopeng/.openclaw/workspace/stocks/models/temp_v6
============================================================
分批训练 5 个模型...
============================================================

加载数据...
训练模型 1 (seed=42)...
  模型1: AUC=0.6246, 迭代=53
  模型已保存：/Users/taopeng/.openclaw/workspace/stocks/models/ml_nn_v6_model1_seed42.pkl
模型 1/5 完成，AUC=0.6246

加载数据...
训练模型 2 (seed=123)...
  模型2: AUC=0.6237, 迭代=41
  模型已保存：/Users/taopeng/.openclaw/workspace/stocks/models/ml_nn_v6_model2_seed123.pkl
模型 2/5 完成，AUC=0.6237

加载数据...
训练模型 3 (seed=456)...
