============================================================
神经网络选股模型 V6 - 增量微调版
============================================================

加载基础 V6 模型...
✅ 加载模型 (seed=42): ml_nn_v6_model1_seed42.pkl
✅ 加载模型 (seed=123): ml_nn_v6_model2_seed123.pkl
✅ 加载模型 (seed=456): ml_nn_v6_model3_seed456.pkl
✅ 加载模型 (seed=789): ml_nn_v6_model4_seed789.pkl
✅ 加载模型 (seed=1024): ml_nn_v6_model5_seed1024.pkl

准备微调数据 (中等规模)...
发现 5,503 只股票数据
选择 1500 只股票进行微调
已加载 300/1500 只股票，累计 226,170 条样本
已加载 600/1500 只股票，累计 451,410 条样本
已加载 900/1500 只股票，累计 676,597 条样本
已加载 1200/1500 只股票，累计 900,114 条样本
已加载 1500/1500 只股票，累计 1,126,412 条样本

合并数据...
总样本数：1,126,412
正样本比例：25.4%
采样后：750,000 条 (正样本：33.3%)
特征矩阵：(750000, 15)
特征内存：42.9MB
训练集：510,000
验证集：90,000
测试集：150,000
重新拟合标准化器...
============================================================
微调 5 个模型...
============================================================

微调模型 (seed=42)...
  继续训练 50 轮...
  微调后 AUC=0.6343, 总迭代=12
模型 (seed=42) 微调完成：0.6246 → 0.6343

微调模型 (seed=123)...
  继续训练 50 轮...
  微调后 AUC=0.6315, 总迭代=31
模型 (seed=123) 微调完成：0.6237 → 0.6315

微调模型 (seed=456)...
  继续训练 50 轮...
  微调后 AUC=0.6312, 总迭代=29
模型 (seed=456) 微调完成：0.6242 → 0.6312

微调模型 (seed=789)...
  继续训练 50 轮...
  微调后 AUC=0.6298, 总迭代=31
模型 (seed=789) 微调完成：0.6243 → 0.6298

微调模型 (seed=1024)...
  继续训练 50 轮...
  微调后 AUC=0.6313, 总迭代=40
模型 (seed=1024) 微调完成：0.6250 → 0.6313

============================================================
评估微调后集成模型...
============================================================

集成模型评估:
准确率：0.6912
精确率：0.6919
召回率：0.1328
F1: 0.2228
AUC: 0.6417
单模型 AUC: ['0.6343', '0.6315', '0.6312', '0.6298', '0.6313']
平均 AUC: 0.6316 ± 0.0015

| 阈值 | 覆盖 | 精确率 |
| 50% | 9596 | 0.6919 |
| 55% | 6844 | 0.7516 |
| 60% | 5127 | 0.8048 |
| 65% | 4087 | 0.8395 |
| 70% | 3321 | 0.8702 |
| 75% | 2665 | 0.8998 |
| 80% | 2104 | 0.9216 |
| 85% | 1607 | 0.9403 |
| 90% | 1206 | 0.9494 |

最佳阈值：90% (精确率：0.9494)

保存微调模型...
  已保存：ml_nn_v6_finetuned_model_seed42_20260418_082220.pkl
  已保存：ml_nn_v6_finetuned_model_seed123_20260418_082220.pkl
  已保存：ml_nn_v6_finetuned_model_seed456_20260418_082220.pkl
  已保存：ml_nn_v6_finetuned_model_seed789_20260418_082220.pkl
  已保存：ml_nn_v6_finetuned_model_seed1024_20260418_082220.pkl

集成配置已保存：/Users/taopeng/.openclaw/workspace/stocks/models/ml_nn_v6_finetuned_ensemble_config_20260418_082220.json
============================================================
总耗时：820s
完成时间：2026-04-18 08:22:20.559134
============================================================
