训练日志 V3 - 2026-04-13 11:26:03.208793

============================================================
神经网络选股模型 V3 - 极致内存优化版
============================================================
加载: batch_1.csv
  样本数: 343699
  内存: 34.1MB
准备数据...
特征矩阵: (343699, 12)
特征内存: 15.7MB
训练集: 274959
测试集: 68740
标准化...
============================================================
训练神经网络 (中型网络)...
============================================================
训练完成: 153s
迭代次数: 34
最终损失: 0.5501
============================================================
评估结果
============================================================
准确率: 0.7510
精确率: 0.6685
召回率: 0.0626
F1: 0.1145
AUC: 0.6140
| 阈值 | 覆盖 | 精确率 |
| 50% | 1656 | 0.6685 |
| 55% | 1289 | 0.7246 |
| 60% | 1033 | 0.7696 |
| 65% | 858 | 0.8007 |
| 70% | 707 | 0.8260 |
| 75% | 548 | 0.8595 |

最佳阈值: 75% (精确率: 0.8595)

模型已保存: /home/admin/.openclaw/workspace/stocks/models/ml_nn_v3_20260413_112843.pkl
============================================================
总耗时: 160s
完成时间: 2026-04-13 11:28:43.333276
============================================================
