训练日志 V7 - 2026-04-18 09:14:21.985052

============================================================
神经网络选股模型 V7 - 盈利优化版
============================================================

准备训练数据...
发现 5,503 只股票数据
选择 1500 只股票进行训练
已加载 300/1500 只股票，累计 208,201 条样本
已加载 600/1500 只股票，累计 421,707 条样本
已加载 900/1500 只股票，累计 631,290 条样本
已加载 1200/1500 只股票，累计 838,658 条样本
已加载 1500/1500 只股票，累计 1,047,180 条样本

合并数据...
总样本数：1,047,180
正样本比例：16.7%
采样后：775,313 条 (正样本：22.6%)
特征矩阵：(775313, 20)
特征内存：59.2MB
样本权重范围：0.10 - 5.00
训练集：527,212
验证集：93,038
测试集：155,063
标准化...
临时数据已保存到：/Users/taopeng/.openclaw/workspace/stocks/models/temp_v7
============================================================
分批训练 5 个模型...
============================================================

加载数据...
训练模型 1 (seed=42)...
  模型1: AUC=0.6706, 迭代=54
  模型已保存：/Users/taopeng/.openclaw/workspace/stocks/models/ml_nn_v7_model1_seed42.pkl
模型 1/5 完成，AUC=0.6706

加载数据...
训练模型 2 (seed=123)...
  模型2: AUC=0.6714, 迭代=53
  模型已保存：/Users/taopeng/.openclaw/workspace/stocks/models/ml_nn_v7_model2_seed123.pkl
模型 2/5 完成，AUC=0.6714

加载数据...
训练模型 3 (seed=456)...
