增强版训练日志 - 2026-04-13 11:33:14.292465

============================================================
神经网络选股模型 - 增强版增量训练
============================================================
训练批次: 11个
测试批次: batch_9.csv

初始化...
Scaler初始化完成
创建神经网络 (128-64-32)...
初始化完成: 损失=0.5457

============================================================
开始分批训练 (每批次3轮)
============================================================
批次 2/11: batch_1.csv | 343699样本 | 损失=0.5420
批次 3/11: batch_10.csv | 351286样本 | 损失=0.5390
批次 4/11: batch_11.csv | 2193样本 | 损失=0.5078
批次 5/11: batch_2.csv | 352753样本 | 损失=0.5347
批次 6/11: batch_3.csv | 354077样本 | 损失=0.5332
批次 7/11: batch_4.csv | 345810样本 | 损失=0.5327
批次 8/11: batch_5.csv | 346625样本 | 损失=0.5381
批次 9/11: batch_6.csv | 351436样本 | 损失=0.5333
批次 10/11: batch_7.csv | 349328样本 | 损失=0.5339
批次 11/11: batch_8.csv | 346677样本 | 损失=0.5327

============================================================
最终微调阶段
============================================================
混合微调数据: 140460样本
  微调轮次 1: 损失=0.5397
  微调轮次 4: 损失=0.5335
  微调轮次 7: 损失=0.5302
  微调轮次 10: 损失=0.5278

============================================================
测试评估
============================================================
测试集: 349328样本

评估结果:
  准确率: 0.7592
  精确率: 0.6360
  召回率: 0.1292
  F1: 0.2147
  AUC: 0.6396

阈值评估:
| 阈值 | 覆盖 | 精确率 |
| 50% | 18082 | 0.6360 |
| 55% | 14397 | 0.6794 |
| 60% | 11796 | 0.7178 |
| 65% | 9716 | 0.7560 |
| 70% | 7971 | 0.7901 |
| 75% | 6555 | 0.8259 |
| 80% | 5308 | 0.8566 |
| 85% | 4094 | 0.8852 |

最佳阈值: 85% (精确率: 0.8852)

模型已保存: /home/admin/.openclaw/workspace/stocks/models/ml_nn_enhanced_20260413_114257.pkl
============================================================
总耗时: 9.7分钟
完成时间: 2026-04-13 11:42:57.422783
============================================================
