============================================================
轻量级XGBoost训练
============================================================
批次文件: 10个

增量训练...
  [1/10] batch_0.csv | 样本:246034
  [2/10] batch_1.csv | 样本:244606
  [3/10] batch_2.csv | 样本:237549
  [4/10] batch_3.csv | 样本:232238
  [5/10] batch_4.csv | 样本:244091
  [6/10] batch_5.csv | 样本:245889
  [7/10] batch_6.csv | 样本:249026
  [8/10] batch_7.csv | 样本:243337
  [9/10] batch_8.csv | 样本:249327
  [10/10] batch_9.csv | 样本:246317

训练完成: 370s

📊 性能:
  准确率: 0.7585
  最佳阈值: 75%
  高置信度精确率: 0.8950

📊 Top 10 特征:
  f13: 525.0
  f12: 445.0
  f6: 418.0
  f3: 415.0
  f15: 378.0
  f16: 365.0
  f10: 347.0
  f11: 343.0
  f17: 326.0
  f4: 300.0

💾 保存: /home/admin/.openclaw/workspace/stocks/models/ml_xgb_20260412_235045.json
