
============================================================
V8 集成模型实盘选股系统
============================================================
加载模型 1/5: ml_nn_v8_model1_seed42.pkl
加载模型 2/5: ml_nn_v8_model2_seed123.pkl
加载模型 3/5: ml_nn_v8_model3_seed456.pkl
加载模型 4/5: ml_nn_v8_model4_seed789.pkl
加载模型 5/5: ml_nn_v8_model5_seed1024.pkl

模型加载完成：5 个子模型
平均 AUC: 0.6751 ± 0.0021
特征维度：28

开始扫描全市场股票...
选股条件:
  置信度 >= 50%
  RSI < 70
  跌幅 > 0%
扫描股票数量：5503
已扫描 500/5503 只股票...
已扫描 1000/5503 只股票...
已扫描 1500/5503 只股票...
已扫描 2000/5503 只股票...
已扫描 2500/5503 只股票...
已扫描 3000/5503 只股票...
已扫描 3500/5503 只股票...
已扫描 4000/5503 只股票...
已扫描 4500/5503 只股票...
已扫描 5000/5503 只股票...
已扫描 5500/5503 只股票...

============================================================
V8 实盘选股结果 (TOP 15)
============================================================

排名   代码               现价    RSI       跌幅        置信度       评级
------------------------------------------------------------
1    600743         2.65   66.8    24.9%      79.9%      ⭐⭐⭐
2    600396         7.29   37.5    23.2%      71.8%      ⭐⭐⭐
3    000425        10.20   48.8     6.7%      70.7%      ⭐⭐⭐
4    000838         1.85   32.6    22.3%      67.8%      ⭐⭐⭐
5    300901        14.59   43.4    13.1%      66.9%      ⭐⭐⭐
6    300218        14.86   40.4     7.8%      65.7%      ⭐⭐⭐
7    301193        21.01   39.2    14.3%      64.9%      ⭐⭐⭐
8    601399         4.29   42.1     7.5%      64.3%      ⭐⭐⭐
9    600018         4.98   34.1     4.2%      64.2%      ⭐⭐⭐
10   000981         4.08   35.4    10.3%      64.1%      ⭐⭐⭐
11   688009         5.35   35.2     9.3%      64.0%      ⭐⭐⭐
12   688212        34.91   38.9    12.0%      63.9%      ⭐⭐⭐
13   600279         4.94   31.0     6.6%      63.9%      ⭐⭐⭐
14   601816         4.93   36.6     4.5%      63.7%      ⭐⭐⭐
15   600827         8.39   54.1     2.9%      63.2%      ⭐⭐⭐

选股结果已保存：v8_selection_20260419_175709.json

============================================================
📊 回测验证:
  置信度≥92%: 胜率 91.9%, 平均收益 16.12%
  置信度≥95%: 胜率 94.8%, 平均收益 17.05%
============================================================
