
============================================================
V8 集成模型实盘选股系统
============================================================
加载模型 1/5: ml_nn_v8_model1_seed42.pkl
加载模型 2/5: ml_nn_v8_model2_seed123.pkl
加载模型 3/5: ml_nn_v8_model3_seed456.pkl
加载模型 4/5: ml_nn_v8_model4_seed789.pkl
加载模型 5/5: ml_nn_v8_model5_seed1024.pkl

模型加载完成：5 个子模型
平均 AUC: 0.6751 ± 0.0021
特征维度：28

开始扫描全市场股票...
选股条件:
  置信度 >= 80%
  RSI < 60
  跌幅 > 0%
扫描股票数量：5503
已扫描 500/5503 只股票...
已扫描 1000/5503 只股票...
已扫描 1500/5503 只股票...
已扫描 2000/5503 只股票...
已扫描 2500/5503 只股票...
已扫描 3000/5503 只股票...
已扫描 3500/5503 只股票...
已扫描 4000/5503 只股票...
已扫描 4500/5503 只股票...
已扫描 5000/5503 只股票...
已扫描 5500/5503 只股票...

============================================================
V8 实盘选股结果 (TOP 0)
============================================================
⚠️  未找到符合条件的股票
