[10:37:46] ============================================================
[10:37:46] 🚀 股票筛选与多因子决策工作流 启动
[10:37:46] ============================================================
[10:37:46] 
============================================================
[10:37:46] 📋 阶段 1: 股票筛选
[10:37:46] ============================================================
[10:37:46] 候选股票池：2只
[10:37:46] 筛选质量评分：84.9
[10:37:46] 
============================================================
[10:37:46] 📊 阶段 2: 特征提取（并行）
[10:37:46] ============================================================
[10:37:46] 基本面分析完成，质量评分：100.0
[10:37:46] 技术分析完成，质量评分：100.0
[10:37:46] 市场消息分析完成，质量评分：100.0
[10:37:46] 
============================================================
[10:37:46] 🔍 阶段 3: 数据质量监控
[10:37:46] ============================================================
[10:37:46] 数据质量评分：100.0
[10:37:46] 质量状态：✅ 合格
[10:37:46] 
============================================================
[10:37:46] 🤖 阶段 4: 决策融合
[10:37:46] ============================================================
[10:37:46] 预测完成，推荐 1 只股票
[10:37:46] 
============================================================
[10:37:46] 📤 阶段 5: 结果输出
[10:37:46] ============================================================
[10:37:46] ❌ 错误：'fundamental_score'
[10:37:46] 
============================================================
[10:37:46] ✅ 工作流完成，耗时：0.4秒
[10:37:46] ============================================================