[10:41:25] ============================================================
[10:41:25] 🚀 股票筛选与多因子决策工作流 启动
[10:41:25] ============================================================
[10:41:25] 
============================================================
[10:41:25] 📋 阶段 1: 股票筛选
[10:41:25] ============================================================
[10:41:25] 候选股票池：2只
[10:41:25] 筛选质量评分：84.9
[10:41:25] 
============================================================
[10:41:25] 📊 阶段 2: 特征提取（并行）
[10:41:25] ============================================================
[10:41:25] 基本面分析完成，质量评分：100.0
[10:41:25] 技术分析完成，质量评分：100.0
[10:41:25] 市场消息分析完成，质量评分：100.0
[10:41:25] 
============================================================
[10:41:25] 🔍 阶段 3: 数据质量监控
[10:41:25] ============================================================
[10:41:25] 数据质量评分：100.0
[10:41:25] 质量状态：✅ 合格
[10:41:25] 
============================================================
[10:41:25] 🤖 阶段 4: 决策融合
[10:41:25] ============================================================
[10:41:25] 预测完成，推荐 1 只股票
[10:41:25] 
============================================================
[10:41:25] 📤 阶段 5: 结果输出
[10:41:25] ============================================================
[10:41:25] 
======================================================================
📊 股票筛选与多因子决策报告
生成时间：2026-03-22 10:41:25
======================================================================

📋 数据质量
  质量评分：100.0/100
  质量状态：✅ 合格

🎯 推荐股票（Top 10）
----------------------------------------------------------------------
2. 招商银行 (600036)
   上涨概率：61.4%
   排名：第1名
   基本面：A
   技术信号：中性
   消息情绪：中性

======================================================================
⚠️ 风险提示：本报告仅供参考，不构成投资建议
======================================================================
[10:41:25] 
============================================================
[10:41:25] ✅ 工作流完成，耗时：0.4秒
[10:41:25] ============================================================