[10:47:08] ============================================================
[10:47:08] 🚀 股票筛选与多因子决策工作流 启动
[10:47:08] ============================================================
[10:47:08] 
============================================================
[10:47:08] 📋 阶段 1: 股票筛选
[10:47:08] ============================================================
[10:47:08] [数据获取] 使用模拟成交量数据
[10:47:08] [数据获取] 使用模拟股票列表
[10:47:08] 候选股票池：2只
[10:47:08] 筛选质量评分：84.9
[10:47:08] 
============================================================
[10:47:08] 📊 阶段 2: 特征提取（并行）
[10:47:08] ============================================================
[10:47:08] 基本面分析完成，质量评分：100.0
[10:47:08] 技术分析完成，质量评分：100.0
[10:47:08] 市场消息分析完成，质量评分：100.0
[10:47:08] 
============================================================
[10:47:08] 🔍 阶段 3: 数据质量监控
[10:47:08] ============================================================
[10:47:08] 数据质量评分：100.0
[10:47:08] 质量状态：✅ 合格
[10:47:08] 
============================================================
[10:47:08] 🤖 阶段 4: 决策融合
[10:47:08] ============================================================
[10:47:08] 预测完成，推荐 0 只股票
[10:47:08] 
============================================================
[10:47:08] 📤 阶段 5: 结果输出
[10:47:08] ============================================================
[10:47:08] 
📊 股票筛选与多因子决策报告
生成时间：2026-03-22 10:47:08

⚠️ 今日无符合筛选条件的股票
[10:47:08] 
============================================================
[10:47:08] ✅ 工作流完成，耗时：0.4秒
[10:47:08] ============================================================