[10:37:14] ============================================================
[10:37:14] 🚀 股票筛选与多因子决策工作流 启动
[10:37:14] ============================================================
[10:37:14] 
============================================================
[10:37:14] 📋 阶段 1: 股票筛选
[10:37:14] ============================================================
[10:37:14] 候选股票池：2只
[10:37:14] 筛选质量评分：84.9
[10:37:14] 
============================================================
[10:37:14] 📊 阶段 2: 特征提取（并行）
[10:37:14] ============================================================
[10:37:14] 基本面分析完成，质量评分：100.0
[10:37:14] 技术分析完成，质量评分：100.0
[10:37:14] 市场消息分析完成，质量评分：100.0
[10:37:14] 
============================================================
[10:37:14] 🔍 阶段 3: 数据质量监控
[10:37:14] ============================================================
[10:37:14] 数据质量评分：100.0
[10:37:14] 质量状态：✅ 合格
[10:37:14] 
============================================================
[10:37:14] 🤖 阶段 4: 决策融合
[10:37:14] ============================================================
[10:37:14] 预测完成，推荐 2 只股票
[10:37:14] 
============================================================
[10:37:14] 📤 阶段 5: 结果输出
[10:37:14] ============================================================
[10:37:14] ❌ 错误：'fundamental_score'
[10:37:14] 
============================================================
[10:37:14] ✅ 工作流完成，耗时：0.5秒
[10:37:14] ============================================================