[10:46:51] ============================================================
[10:46:51] 🚀 股票筛选与多因子决策工作流 启动
[10:46:51] ============================================================
[10:46:51] 
============================================================
[10:46:51] 📋 阶段 1: 股票筛选
[10:46:51] ============================================================
[10:46:51] [数据获取] 使用模拟成交量数据
[10:46:51] [数据获取] 使用模拟股票列表
[10:46:51] 候选股票池：2只
[10:46:51] 筛选质量评分：84.9
[10:46:51] 
============================================================
[10:46:51] 📊 阶段 2: 特征提取（并行）
[10:46:51] ============================================================
[10:46:52] 基本面分析完成，质量评分：100.0
[10:46:52] 技术分析完成，质量评分：100.0
[10:46:52] 市场消息分析完成，质量评分：100.0
[10:46:52] 
============================================================
[10:46:52] 🔍 阶段 3: 数据质量监控
[10:46:52] ============================================================
[10:46:52] 数据质量评分：100.0
[10:46:52] 质量状态：✅ 合格
[10:46:52] 
============================================================
[10:46:52] 🤖 阶段 4: 决策融合
[10:46:52] ============================================================
[10:46:52] 预测完成，推荐 0 只股票
[10:46:52] 
============================================================
[10:46:52] 📤 阶段 5: 结果输出
[10:46:52] ============================================================
[10:46:52] 
📊 股票筛选与多因子决策报告
生成时间：2026-03-22 10:46:52

⚠️ 今日无符合筛选条件的股票
[10:46:52] 
============================================================
[10:46:52] ✅ 工作流完成，耗时：0.4秒
[10:46:52] ============================================================