[10:40:15] ============================================================
[10:40:15] 🚀 股票筛选与多因子决策工作流 启动
[10:40:15] ============================================================
[10:40:15] 
============================================================
[10:40:15] 📋 阶段 1: 股票筛选
[10:40:15] ============================================================
[10:40:15] 候选股票池：2只
[10:40:15] 筛选质量评分：84.9
[10:40:15] 
============================================================
[10:40:15] 📊 阶段 2: 特征提取（并行）
[10:40:15] ============================================================
[10:40:15] 基本面分析完成，质量评分：100.0
[10:40:15] 技术分析完成，质量评分：100.0
[10:40:15] 市场消息分析完成，质量评分：100.0
[10:40:15] 
============================================================
[10:40:15] 🔍 阶段 3: 数据质量监控
[10:40:15] ============================================================
[10:40:15] 数据质量评分：100.0
[10:40:15] 质量状态：✅ 合格
[10:40:15] 
============================================================
[10:40:15] 🤖 阶段 4: 决策融合
[10:40:15] ============================================================
[10:40:15] 预测完成，推荐 1 只股票
[10:40:15] 
============================================================
[10:40:15] 📤 阶段 5: 结果输出
[10:40:15] ============================================================
[10:40:15] ❌ 错误：'fundamental_score'
[10:40:15] 
============================================================
[10:40:15] ✅ 工作流完成，耗时：0.4秒
[10:40:15] ============================================================